{"envPath":"/Users/sriii/My Files/My Project/MentorOne/Backend/.env","level":"info","message":"Environment variables loaded","service":"mentor-one-api","timestamp":"2025-07-05 10:53:41"}
{"level":"info","message":"DI container initialized successfully","service":"mentor-one-api","timestamp":"2025-07-05 10:53:41"}
{"environment":"development","level":"info","message":"Server running on port 5002","service":"mentor-one-api","timestamp":"2025-07-05 10:53:41"}
{"level":"info","message":"Socket.IO /video namespace initialized","service":"mentor-one-api","timestamp":"2025-07-05 10:53:41"}
{"error":"ChatService_1.default is not a constructor","level":"error","message":"Socket.IO /chat initialization failed","service":"mentor-one-api","timestamp":"2025-07-05 10:53:41"}
{"level":"info","message":"Redis Sub Client connected","service":"mentor-one-api","timestamp":"2025-07-05 10:53:41"}
{"level":"info","message":"Redis Pub Client connected","service":"mentor-one-api","timestamp":"2025-07-05 10:53:41"}
{"level":"info","message":"Redis Token Client connected","service":"mentor-one-api","timestamp":"2025-07-05 10:53:41"}
{"level":"info","message":"Redis adapter connected for Socket.IO","service":"mentor-one-api","timestamp":"2025-07-05 10:53:41"}
{"level":"info","message":"Socket.IO /notifications namespace initialized","service":"mentor-one-api","timestamp":"2025-07-05 10:53:41"}
{"email":"sreekuttan1248@gmail.com","level":"info","message":"Admin login attempt","service":"mentor-one-api","timestamp":"2025-07-05 10:54:20"}
{"email":"sreekuttan1248@gmail.com","level":"info","message":"Admin login attempt","service":"mentor-one-api","timestamp":"2025-07-05 10:54:20"}
{"level":"info","message":"Admin login service step 1","service":"mentor-one-api","timestamp":"2025-07-05 10:54:20"}
{"email":"sreekuttan1248@gmail.com","level":"info","message":"Searching for admin by email","service":"mentor-one-api","timestamp":"2025-07-05 10:54:20"}
{"email":"sreekuttan1248@gmail.com","found":true,"level":"info","message":"Admin found by email","service":"mentor-one-api","timestamp":"2025-07-05 10:54:20"}
{"level":"info","message":"Admin login service step 2","service":"mentor-one-api","timestamp":"2025-07-05 10:54:20"}
{"level":"info","message":"Admin login service step 3","service":"mentor-one-api","timestamp":"2025-07-05 10:54:21"}
{"level":"info","message":"Admin login service step 4","service":"mentor-one-api","timestamp":"2025-07-05 10:54:21"}
{"level":"info","message":"Admin login service step 5","service":"mentor-one-api","timestamp":"2025-07-05 10:54:21"}
{"level":"info","message":"Admin login service step 6","service":"mentor-one-api","timestamp":"2025-07-05 10:54:21"}
{"error":"Cannot read properties of undefined (reading 'setEx')","level":"error","message":"Failed to save refresh token","service":"mentor-one-api","timestamp":"2025-07-05 10:54:21","userId":"6849b53ab72304ac3974190d"}
{"email":"sreekuttan1248@gmail.com","error":"Failed to save refresh token","level":"error","message":"Error generating tokens","service":"mentor-one-api","timestamp":"2025-07-05 10:54:21"}
{"email":"sreekuttan1248@gmail.com","error":"Failed to generate tokens","level":"error","message":"Login failed","service":"mentor-one-api","timestamp":"2025-07-05 10:54:21"}
{"level":"info","message":"::1 - - [05/Jul/2025:05:29:45 +0000] \"POST /admin/auth/login HTTP/1.1\" - - \"http://localhost:5173/\" \"Mozilla/5.0 (Macintosh; Intel Mac OS X 10_15_7) AppleWebKit/537.36 (KHTML, like Gecko) Chrome/138.0.0.0 Safari/537.36\"","service":"mentor-one-api","timestamp":"2025-07-05 10:59:45"}
{"level":"info","message":"SIGINT received, shutting down gracefully","service":"mentor-one-api","timestamp":"2025-07-05 11:14:44"}
{"envPath":"/Users/sriii/My Files/My Project/MentorOne/Backend/.env","level":"info","message":"Environment variables loaded","service":"mentor-one-api","timestamp":"2025-07-05 11:14:47"}
{"error":"Cannot read properties of undefined (reading 'isOpen')","level":"error","message":"Failed to initialize DI container","service":"mentor-one-api","timestamp":"2025-07-05 11:14:47"}
{"envPath":"/Users/sriii/My Files/My Project/MentorOne/Backend/.env","level":"info","message":"Environment variables loaded","service":"mentor-one-api","timestamp":"2025-07-05 11:15:29"}
{"error":"Cannot read properties of undefined (reading 'isOpen')","level":"error","message":"Failed to initialize DI container","service":"mentor-one-api","timestamp":"2025-07-05 11:15:29"}
{"envPath":"/Users/sriii/My Files/My Project/MentorOne/Backend/.env","level":"info","message":"Environment variables loaded","service":"mentor-one-api","timestamp":"2025-07-05 11:16:04"}
{"error":"Cannot read properties of undefined (reading 'isOpen')","level":"error","message":"Failed to initialize DI container","service":"mentor-one-api","timestamp":"2025-07-05 11:16:04"}
{"envPath":"/Users/sriii/My Files/My Project/MentorOne/Backend/.env","level":"info","message":"Environment variables loaded","service":"mentor-one-api","timestamp":"2025-07-05 11:16:42"}
{"level":"info","message":"DI container initialized successfully","service":"mentor-one-api","timestamp":"2025-07-05 11:16:42"}
{"environment":"development","level":"info","message":"Server running on port 5002","service":"mentor-one-api","timestamp":"2025-07-05 11:16:42"}
{"level":"info","message":"Socket.IO /video namespace initialized","service":"mentor-one-api","timestamp":"2025-07-05 11:16:42"}
{"error":"ChatService_1.default is not a constructor","level":"error","message":"Socket.IO /chat initialization failed","service":"mentor-one-api","timestamp":"2025-07-05 11:16:42"}
{"level":"info","message":"Redis Sub Client connected","service":"mentor-one-api","timestamp":"2025-07-05 11:16:42"}
{"level":"info","message":"Redis Pub Client connected","service":"mentor-one-api","timestamp":"2025-07-05 11:16:42"}
{"level":"info","message":"Redis Token Client connected","service":"mentor-one-api","timestamp":"2025-07-05 11:16:42"}
{"level":"info","message":"Redis adapter connected for Socket.IO","service":"mentor-one-api","timestamp":"2025-07-05 11:16:42"}
{"level":"info","message":"Socket.IO /notifications namespace initialized","service":"mentor-one-api","timestamp":"2025-07-05 11:16:42"}
{"level":"info","message":"SIGTERM received, shutting down gracefully","service":"mentor-one-api","timestamp":"2025-07-05 11:18:35"}
{"envPath":"/Users/sriii/My Files/My Project/MentorOne/Backend/.env","level":"info","message":"Environment variables loaded","service":"mentor-one-api","timestamp":"2025-07-05 11:18:35"}
{"level":"info","message":"DI container initialized successfully","service":"mentor-one-api","timestamp":"2025-07-05 11:18:35"}
{"environment":"development","level":"info","message":"Server running on port 5002","service":"mentor-one-api","timestamp":"2025-07-05 11:18:36"}
{"level":"info","message":"Socket.IO /video namespace initialized","service":"mentor-one-api","timestamp":"2025-07-05 11:18:36"}
{"error":"ChatService_1.default is not a constructor","level":"error","message":"Socket.IO /chat initialization failed","service":"mentor-one-api","timestamp":"2025-07-05 11:18:36"}
{"level":"info","message":"Redis Pub Client connected","service":"mentor-one-api","timestamp":"2025-07-05 11:18:36"}
{"level":"info","message":"Redis Token Client connected","service":"mentor-one-api","timestamp":"2025-07-05 11:18:36"}
{"level":"info","message":"Redis Sub Client connected","service":"mentor-one-api","timestamp":"2025-07-05 11:18:36"}
{"level":"info","message":"Redis adapter connected for Socket.IO","service":"mentor-one-api","timestamp":"2025-07-05 11:18:36"}
{"level":"info","message":"Socket.IO /notifications namespace initialized","service":"mentor-one-api","timestamp":"2025-07-05 11:18:36"}
{"email":"sreekuttan1248@gmail.com","level":"info","message":"Admin login attempt","service":"mentor-one-api","timestamp":"2025-07-05 11:58:10"}
{"email":"sreekuttan1248@gmail.com","level":"info","message":"Admin login attempt","service":"mentor-one-api","timestamp":"2025-07-05 11:58:10"}
{"level":"info","message":"Admin login service step 1","service":"mentor-one-api","timestamp":"2025-07-05 11:58:10"}
{"email":"sreekuttan1248@gmail.com","level":"info","message":"Searching for admin by email","service":"mentor-one-api","timestamp":"2025-07-05 11:58:10"}
{"email":"sreekuttan1248@gmail.com","found":true,"level":"info","message":"Admin found by email","service":"mentor-one-api","timestamp":"2025-07-05 11:58:10"}
{"level":"info","message":"Admin login service step 2","service":"mentor-one-api","timestamp":"2025-07-05 11:58:10"}
{"level":"info","message":"Admin login service step 3","service":"mentor-one-api","timestamp":"2025-07-05 11:58:11"}
{"level":"info","message":"Admin login service step 4","service":"mentor-one-api","timestamp":"2025-07-05 11:58:11"}
{"level":"info","message":"Admin login service step 5","service":"mentor-one-api","timestamp":"2025-07-05 11:58:11"}
{"level":"info","message":"Admin login service step 6","service":"mentor-one-api","timestamp":"2025-07-05 11:58:11"}
{"error":"Cannot read properties of undefined (reading 'setEx')","level":"error","message":"Failed to save refresh token","service":"mentor-one-api","timestamp":"2025-07-05 11:58:11","userId":"6849b53ab72304ac3974190d"}
{"email":"sreekuttan1248@gmail.com","error":"Failed to save refresh token","level":"error","message":"Error generating tokens","service":"mentor-one-api","timestamp":"2025-07-05 11:58:11"}
{"email":"sreekuttan1248@gmail.com","error":"Failed to generate tokens","level":"error","message":"Login failed","service":"mentor-one-api","timestamp":"2025-07-05 11:58:11"}
{"level":"info","message":"SIGINT received, shutting down gracefully","service":"mentor-one-api","timestamp":"2025-07-05 12:03:04"}
{"envPath":"/Users/sriii/My Files/My Project/MentorOne/Backend/.env","level":"info","message":"Environment variables loaded","service":"mentor-one-api","timestamp":"2025-07-05 12:03:06"}
{"level":"info","message":"DI container initialized successfully","service":"mentor-one-api","timestamp":"2025-07-05 12:03:06"}
{"environment":"development","level":"info","message":"Server running on port 5002","service":"mentor-one-api","timestamp":"2025-07-05 12:03:07"}
{"level":"info","message":"Socket.IO /video namespace initialized","service":"mentor-one-api","timestamp":"2025-07-05 12:03:07"}
{"error":"ChatService_1.default is not a constructor","level":"error","message":"Socket.IO /chat initialization failed","service":"mentor-one-api","timestamp":"2025-07-05 12:03:07"}
{"level":"info","message":"Redis Sub Client connected","service":"mentor-one-api","timestamp":"2025-07-05 12:03:07"}
{"level":"info","message":"Redis Pub Client connected","service":"mentor-one-api","timestamp":"2025-07-05 12:03:07"}
{"level":"info","message":"Redis Token Client connected","service":"mentor-one-api","timestamp":"2025-07-05 12:03:07"}
{"level":"info","message":"Redis adapter connected for Socket.IO","service":"mentor-one-api","timestamp":"2025-07-05 12:03:07"}
{"level":"info","message":"Socket.IO /notifications namespace initialized","service":"mentor-one-api","timestamp":"2025-07-05 12:03:07"}
{"level":"info","message":"SIGINT received, shutting down gracefully","service":"mentor-one-api","timestamp":"2025-07-05 12:03:11"}
{"envPath":"/Users/sriii/My Files/My Project/MentorOne/Backend/.env","level":"info","message":"Environment variables loaded","service":"mentor-one-api","timestamp":"2025-07-05 12:03:21"}
{"level":"info","message":"DI container initialized successfully","service":"mentor-one-api","timestamp":"2025-07-05 12:03:21"}
{"environment":"development","level":"info","message":"Server running on port 5002","service":"mentor-one-api","timestamp":"2025-07-05 12:03:21"}
{"level":"info","message":"Socket.IO /video namespace initialized","service":"mentor-one-api","timestamp":"2025-07-05 12:03:21"}
{"error":"ChatService_1.default is not a constructor","level":"error","message":"Socket.IO /chat initialization failed","service":"mentor-one-api","timestamp":"2025-07-05 12:03:21"}
{"level":"info","message":"Redis Pub Client connected","service":"mentor-one-api","timestamp":"2025-07-05 12:03:21"}
{"level":"info","message":"Redis Token Client connected","service":"mentor-one-api","timestamp":"2025-07-05 12:03:21"}
{"level":"info","message":"Redis Sub Client connected","service":"mentor-one-api","timestamp":"2025-07-05 12:03:21"}
{"level":"info","message":"Redis adapter connected for Socket.IO","service":"mentor-one-api","timestamp":"2025-07-05 12:03:21"}
{"level":"info","message":"Socket.IO /notifications namespace initialized","service":"mentor-one-api","timestamp":"2025-07-05 12:03:21"}
{"email":"sreekuttan1248@gmail.com","level":"info","message":"Admin login attempt","service":"mentor-one-api","timestamp":"2025-07-05 12:03:46"}
{"email":"sreekuttan1248@gmail.com","level":"info","message":"Admin login attempt","service":"mentor-one-api","timestamp":"2025-07-05 12:03:46"}
{"level":"info","message":"Admin login service step 1","service":"mentor-one-api","timestamp":"2025-07-05 12:03:46"}
{"email":"sreekuttan1248@gmail.com","level":"info","message":"Searching for admin by email","service":"mentor-one-api","timestamp":"2025-07-05 12:03:46"}
{"email":"sreekuttan1248@gmail.com","found":true,"level":"info","message":"Admin found by email","service":"mentor-one-api","timestamp":"2025-07-05 12:03:46"}
{"level":"info","message":"Admin login service step 2","service":"mentor-one-api","timestamp":"2025-07-05 12:03:46"}
{"level":"info","message":"Admin login service step 3","service":"mentor-one-api","timestamp":"2025-07-05 12:03:46"}
{"level":"info","message":"Admin login service step 4","service":"mentor-one-api","timestamp":"2025-07-05 12:03:46"}
{"level":"info","message":"Admin login service step 5","service":"mentor-one-api","timestamp":"2025-07-05 12:03:46"}
{"level":"info","message":"Admin login service step 6","service":"mentor-one-api","timestamp":"2025-07-05 12:03:46"}
{"level":"info","message":"RedisTokenService saveRefreshToken step 1","service":"mentor-one-api","timestamp":"2025-07-05 12:03:46"}
{"level":"info","message":"RedisTokenService saveRefreshToken step 2","service":"mentor-one-api","timestamp":"2025-07-05 12:03:46"}
{"level":"info","message":"RedisTokenService saveRefreshToken step 3","service":"mentor-one-api","timestamp":"2025-07-05 12:03:46"}
{"error":"Cannot read properties of undefined (reading 'setEx')","level":"error","message":"Failed to save refresh token","service":"mentor-one-api","timestamp":"2025-07-05 12:03:46","userId":"6849b53ab72304ac3974190d"}
{"email":"sreekuttan1248@gmail.com","error":"Failed to save refresh token","level":"error","message":"Error generating tokens","service":"mentor-one-api","timestamp":"2025-07-05 12:03:46"}
{"email":"sreekuttan1248@gmail.com","error":"Failed to generate tokens","level":"error","message":"Login failed","service":"mentor-one-api","timestamp":"2025-07-05 12:03:46"}
{"level":"info","message":"::1 - - [05/Jul/2025:06:35:46 +0000] \"POST /admin/auth/login HTTP/1.1\" - - \"http://localhost:5173/\" \"Mozilla/5.0 (Linux; Android 6.0; Nexus 5 Build/MRA58N) AppleWebKit/537.36 (KHTML, like Gecko) Chrome/138.0.0.0 Mobile Safari/537.36\"","service":"mentor-one-api","timestamp":"2025-07-05 12:05:46"}
{"level":"info","message":"SIGINT received, shutting down gracefully","service":"mentor-one-api","timestamp":"2025-07-05 12:19:23"}
{"envPath":"/Users/sriii/My Files/My Project/MentorOne/Backend/.env","level":"info","message":"Environment variables loaded","service":"mentor-one-api","timestamp":"2025-07-05 12:19:27"}
{"error":"Cannot read properties of undefined (reading 'isOpen')","level":"error","message":"Failed to initialize DI container","service":"mentor-one-api","timestamp":"2025-07-05 12:19:27"}
{"envPath":"/Users/sriii/My Files/My Project/MentorOne/Backend/.env","level":"info","message":"Environment variables loaded","service":"mentor-one-api","timestamp":"2025-07-05 12:20:36"}
{"error":"Cannot read properties of undefined (reading 'isOpen')","level":"error","message":"Failed to initialize DI container","service":"mentor-one-api","timestamp":"2025-07-05 12:20:36"}
{"envPath":"/Users/sriii/My Files/My Project/MentorOne/Backend/.env","level":"info","message":"Environment variables loaded","service":"mentor-one-api","timestamp":"2025-07-05 12:22:54"}
{"error":"Cannot read properties of undefined (reading 'isOpen')","level":"error","message":"Failed to initialize DI container","service":"mentor-one-api","timestamp":"2025-07-05 12:22:54"}
{"envPath":"/Users/sriii/My Files/My Project/MentorOne/Backend/.env","level":"info","message":"Environment variables loaded","service":"mentor-one-api","timestamp":"2025-07-05 12:24:47"}
{"level":"info","message":"DI container initialized successfully","service":"mentor-one-api","timestamp":"2025-07-05 12:24:47"}
{"environment":"development","level":"info","message":"Server running on port 5002","service":"mentor-one-api","timestamp":"2025-07-05 12:24:47"}
{"level":"info","message":"Socket.IO /video namespace initialized","service":"mentor-one-api","timestamp":"2025-07-05 12:24:47"}
{"error":"ChatService_1.default is not a constructor","level":"error","message":"Socket.IO /chat initialization failed","service":"mentor-one-api","timestamp":"2025-07-05 12:24:47"}
{"level":"info","message":"Redis Sub Client connected","service":"mentor-one-api","timestamp":"2025-07-05 12:24:47"}
{"level":"info","message":"Redis Pub Client connected","service":"mentor-one-api","timestamp":"2025-07-05 12:24:47"}
{"level":"info","message":"Redis Token Client connected","service":"mentor-one-api","timestamp":"2025-07-05 12:24:47"}
{"level":"info","message":"Redis Token Client ready","service":"mentor-one-api","timestamp":"2025-07-05 12:24:47"}
{"level":"info","message":"Redis clients connected successfully","service":"mentor-one-api","timestamp":"2025-07-05 12:24:47"}
{"level":"info","message":"Redis adapter connected for Socket.IO","service":"mentor-one-api","timestamp":"2025-07-05 12:24:47"}
{"level":"info","message":"Socket.IO /notifications namespace initialized","service":"mentor-one-api","timestamp":"2025-07-05 12:24:47"}
{"email":"sreekuttan1248@gmail.com","level":"info","message":"Admin login attempt","service":"mentor-one-api","timestamp":"2025-07-05 12:25:30"}
{"email":"sreekuttan1248@gmail.com","level":"info","message":"Admin login attempt","service":"mentor-one-api","timestamp":"2025-07-05 12:25:30"}
{"level":"info","message":"Admin login service step 1","service":"mentor-one-api","timestamp":"2025-07-05 12:25:30"}
{"email":"sreekuttan1248@gmail.com","level":"info","message":"Searching for admin by email","service":"mentor-one-api","timestamp":"2025-07-05 12:25:30"}
{"email":"sreekuttan1248@gmail.com","found":true,"level":"info","message":"Admin found by email","service":"mentor-one-api","timestamp":"2025-07-05 12:25:30"}
{"level":"info","message":"Admin login service step 2","service":"mentor-one-api","timestamp":"2025-07-05 12:25:30"}
{"level":"info","message":"Admin login service step 3","service":"mentor-one-api","timestamp":"2025-07-05 12:25:30"}
{"level":"info","message":"Admin login service step 4","service":"mentor-one-api","timestamp":"2025-07-05 12:25:30"}
{"level":"info","message":"Admin login service step 5","service":"mentor-one-api","timestamp":"2025-07-05 12:25:30"}
{"level":"info","message":"Admin login service step 6","service":"mentor-one-api","timestamp":"2025-07-05 12:25:30"}
{"level":"info","message":"RedisTokenService saveRefreshToken step 1","service":"mentor-one-api","timestamp":"2025-07-05 12:25:30"}
{"level":"info","message":"RedisTokenService saveRefreshToken step 2","service":"mentor-one-api","timestamp":"2025-07-05 12:25:30"}
{"level":"info","message":"RedisTokenService saveRefreshToken step 3","service":"mentor-one-api","timestamp":"2025-07-05 12:25:30"}
{"error":"Cannot read properties of undefined (reading 'setEx')","level":"error","message":"Failed to save refresh token","service":"mentor-one-api","timestamp":"2025-07-05 12:25:30","userId":"6849b53ab72304ac3974190d"}
{"email":"sreekuttan1248@gmail.com","error":"Failed to save refresh token","level":"error","message":"Error generating tokens","service":"mentor-one-api","timestamp":"2025-07-05 12:25:30"}
{"email":"sreekuttan1248@gmail.com","error":"Failed to generate tokens","level":"error","message":"Login failed","service":"mentor-one-api","timestamp":"2025-07-05 12:25:30"}
{"level":"info","message":"SIGINT received, shutting down gracefully","service":"mentor-one-api","timestamp":"2025-07-05 12:29:03"}
{"envPath":"/Users/sriii/My Files/My Project/MentorOne/Backend/.env","level":"info","message":"Environment variables loaded","service":"mentor-one-api","timestamp":"2025-07-05 12:29:09"}
{"level":"info","message":"DI container initialized successfully","service":"mentor-one-api","timestamp":"2025-07-05 12:29:10"}
{"environment":"development","level":"info","message":"Server running on port 5002","service":"mentor-one-api","timestamp":"2025-07-05 12:29:10"}
{"level":"info","message":"Socket.IO /video namespace initialized","service":"mentor-one-api","timestamp":"2025-07-05 12:29:10"}
{"error":"ChatService_1.default is not a constructor","level":"error","message":"Socket.IO /chat initialization failed","service":"mentor-one-api","timestamp":"2025-07-05 12:29:10"}
{"level":"info","message":"Redis Pub Client connected","service":"mentor-one-api","timestamp":"2025-07-05 12:29:10"}
{"level":"info","message":"Redis Sub Client connected","service":"mentor-one-api","timestamp":"2025-07-05 12:29:10"}
{"level":"info","message":"Redis Token Client connected","service":"mentor-one-api","timestamp":"2025-07-05 12:29:10"}
{"level":"info","message":"Redis Token Client ready","service":"mentor-one-api","timestamp":"2025-07-05 12:29:10"}
{"level":"info","message":"Redis clients connected successfully","service":"mentor-one-api","timestamp":"2025-07-05 12:29:10"}
{"level":"info","message":"Redis adapter connected for Socket.IO","service":"mentor-one-api","timestamp":"2025-07-05 12:29:10"}
{"level":"info","message":"Socket.IO /notifications namespace initialized","service":"mentor-one-api","timestamp":"2025-07-05 12:29:10"}
{"level":"info","message":"SIGINT received, shutting down gracefully","service":"mentor-one-api","timestamp":"2025-07-05 13:06:25"}
{"envPath":"/Users/sriii/My Files/My Project/MentorOne/Backend/.env","level":"info","message":"Environment variables loaded","service":"mentor-one-api","timestamp":"2025-07-05 13:34:06"}
{"error":"Cannot read properties of undefined (reading 'isOpen')","level":"error","message":"Failed to initialize DI container","service":"mentor-one-api","timestamp":"2025-07-05 13:34:06"}
{"envPath":"/Users/sriii/My Files/My Project/MentorOne/Backend/.env","level":"info","message":"Environment variables loaded","service":"mentor-one-api","timestamp":"2025-07-05 13:34:38"}
{"error":"Cannot read properties of undefined (reading 'isOpen')","level":"error","message":"Failed to initialize DI container","service":"mentor-one-api","timestamp":"2025-07-05 13:34:38"}
{"envPath":"/Users/sriii/My Files/My Project/MentorOne/Backend/.env","level":"info","message":"Environment variables loaded","service":"mentor-one-api","timestamp":"2025-07-05 13:34:54"}
{"error":"Cannot read properties of undefined (reading 'isOpen')","level":"error","message":"Failed to initialize DI container","service":"mentor-one-api","timestamp":"2025-07-05 13:34:54"}
{"envPath":"/Users/sriii/My Files/My Project/MentorOne/Backend/.env","level":"info","message":"Environment variables loaded","service":"mentor-one-api","timestamp":"2025-07-05 13:35:06"}
{"level":"info","message":"DI container initialized successfully","service":"mentor-one-api","timestamp":"2025-07-05 13:35:06"}
{"level":"info","message":"Initializing Redis clients...","service":"mentor-one-api","timestamp":"2025-07-05 13:35:06"}
{"environment":"development","level":"info","message":"Server running on port 5002","service":"mentor-one-api","timestamp":"2025-07-05 13:35:06"}
{"level":"info","message":"Socket.IO /video namespace initialized","service":"mentor-one-api","timestamp":"2025-07-05 13:35:06"}
{"error":"ChatService_1.default is not a constructor","level":"error","message":"Socket.IO /chat initialization failed","service":"mentor-one-api","timestamp":"2025-07-05 13:35:06"}
{"level":"info","message":"Redis Pub Client connected","service":"mentor-one-api","timestamp":"2025-07-05 13:35:06"}
{"level":"info","message":"Redis Sub Client connected","service":"mentor-one-api","timestamp":"2025-07-05 13:35:06"}
{"level":"info","message":"Redis Token Client connected","service":"mentor-one-api","timestamp":"2025-07-05 13:35:06"}
{"level":"info","message":"Redis Token Client ready","service":"mentor-one-api","timestamp":"2025-07-05 13:35:06"}
{"level":"info","message":"Redis clients connected successfully","service":"mentor-one-api","timestamp":"2025-07-05 13:35:06"}
{"level":"info","message":"Redis adapter connected for Socket.IO","service":"mentor-one-api","timestamp":"2025-07-05 13:35:06"}
{"level":"info","message":"Socket.IO /notifications namespace initialized","service":"mentor-one-api","timestamp":"2025-07-05 13:35:06"}
{"level":"info","message":"SIGTERM received, shutting down gracefully","service":"mentor-one-api","timestamp":"2025-07-05 13:36:36"}
{"envPath":"/Users/sriii/My Files/My Project/MentorOne/Backend/.env","level":"info","message":"Environment variables loaded","service":"mentor-one-api","timestamp":"2025-07-05 13:36:36"}
{"error":"Cannot read properties of undefined (reading 'isOpen')","level":"error","message":"Failed to initialize DI container","service":"mentor-one-api","timestamp":"2025-07-05 13:36:36"}
{"envPath":"/Users/sriii/My Files/My Project/MentorOne/Backend/.env","level":"info","message":"Environment variables loaded","service":"mentor-one-api","timestamp":"2025-07-05 13:38:54"}
{"error":"Cannot read properties of undefined (reading 'isOpen')","level":"error","message":"Failed to initialize DI container","service":"mentor-one-api","timestamp":"2025-07-05 13:38:54"}
{"envPath":"/Users/sriii/My Files/My Project/MentorOne/Backend/.env","level":"info","message":"Environment variables loaded","service":"mentor-one-api","timestamp":"2025-07-05 13:41:23"}
{"error":"Redis token client is undefined","level":"error","message":"Failed to initialize DI container","service":"mentor-one-api","timestamp":"2025-07-05 13:41:23"}
{"error":"Redis token client is undefined","level":"error","message":"Failed to initialize DI container","service":"mentor-one-api","timestamp":"2025-07-05 13:41:23"}
{"envPath":"/Users/sriii/My Files/My Project/MentorOne/Backend/.env","level":"info","message":"Environment variables loaded","service":"mentor-one-api","timestamp":"2025-07-05 13:46:31"}
{"error":"Redis token client is undefined","level":"error","message":"Failed to initialize DI container","service":"mentor-one-api","timestamp":"2025-07-05 13:46:31"}
{"error":"Redis token client is undefined","level":"error","message":"Failed to initialize DI container","service":"mentor-one-api","timestamp":"2025-07-05 13:46:31"}
{"envPath":"/Users/sriii/My Files/My Project/MentorOne/Backend/.env","level":"info","message":"Environment variables loaded","service":"mentor-one-api","timestamp":"2025-07-05 13:47:42"}
{"error":"Redis token client is undefined","level":"error","message":"Failed to initialize DI container","service":"mentor-one-api","timestamp":"2025-07-05 13:47:42"}
{"error":"Redis token client is undefined","level":"error","message":"Failed to initialize DI container","service":"mentor-one-api","timestamp":"2025-07-05 13:47:42"}
{"envPath":"/Users/sriii/My Files/My Project/MentorOne/Backend/.env","level":"info","message":"Environment variables loaded","service":"mentor-one-api","timestamp":"2025-07-05 14:04:35"}
{"error":"Cannot read properties of undefined (reading 'isOpen')","level":"error","message":"Failed to initialize DI container","service":"mentor-one-api","timestamp":"2025-07-05 14:04:35"}
{"envPath":"/Users/sriii/My Files/My Project/MentorOne/Backend/.env","level":"info","message":"Environment variables loaded","service":"mentor-one-api","timestamp":"2025-07-05 14:09:21"}
{"error":"Cannot read properties of undefined (reading 'isOpen')","level":"error","message":"Failed to initialize DI container","service":"mentor-one-api","timestamp":"2025-07-05 14:09:22"}
{"envPath":"/Users/sriii/My Files/My Project/MentorOne/Backend/.env","level":"info","message":"Environment variables loaded","service":"mentor-one-api","timestamp":"2025-07-05 14:12:08"}
{"envPath":"/Users/sriii/My Files/My Project/MentorOne/Backend/.env","level":"info","message":"Environment variables loaded","service":"mentor-one-api","timestamp":"2025-07-05 14:24:09"}
{"envPath":"/Users/sriii/My Files/My Project/MentorOne/Backend/.env","level":"info","message":"Environment variables loaded","service":"mentor-one-api","timestamp":"2025-07-05 14:30:42"}
{"envPath":"/Users/sriii/My Files/My Project/MentorOne/Backend/.env","level":"info","message":"Environment variables loaded","service":"mentor-one-api","timestamp":"2025-07-05 15:43:14"}
{"envPath":"/Users/sriii/My Files/My Project/MentorOne/Backend/src/config/env.ts","level":"info","message":"Environment variables loaded","service":"mentor-one-api","timestamp":"2025-07-05 15:55:33"}
{"level":"error","message":"Missing environment variable: JWT_ACCESS_TOKEN_SECRET","service":"mentor-one-api","timestamp":"2025-07-05 15:55:33"}
{"envPath":"/Users/sriii/My Files/My Project/MentorOne/Backend/.env","level":"info","message":"Environment variables loaded","service":"mentor-one-api","timestamp":"2025-07-05 15:57:14"}
{"envPath":"/Users/sriii/My Files/My Project/MentorOne/Backend/.env","level":"info","message":"Environment variables loaded","service":"mentor-one-api","timestamp":"2025-07-05 16:01:04"}
{"envPath":"/Users/sriii/My Files/My Project/MentorOne/Backend/.env","level":"info","message":"Environment variables loaded","service":"mentor-one-api","timestamp":"2025-07-05 16:12:51"}
{"envPath":"/Users/sriii/My Files/My Project/MentorOne/Backend/.env","level":"info","message":"Environment variables loaded","service":"mentor-one-api","timestamp":"2025-07-05 16:13:56"}
{"envPath":"/Users/sriii/My Files/My Project/MentorOne/Backend/.env","level":"info","message":"Environment variables loaded","service":"mentor-one-api","timestamp":"2025-07-05 16:20:25"}
{"envPath":"/Users/sriii/My Files/My Project/MentorOne/Backend/.env","level":"info","message":"Environment variables loaded","service":"mentor-one-api","timestamp":"2025-07-05 16:20:45"}
{"level":"info","message":"Connecting Redis clients (attempt 1/3)...","service":"mentor-one-api","timestamp":"2025-07-05 16:20:46"}
{"isOpen":true,"level":"info","message":"Redis Pub Client connected","service":"mentor-one-api","timestamp":"2025-07-05 16:20:46"}
{"isOpen":true,"level":"info","message":"Redis Token Client connected","service":"mentor-one-api","timestamp":"2025-07-05 16:20:46"}
{"isOpen":true,"level":"info","message":"Redis Sub Client connected","service":"mentor-one-api","timestamp":"2025-07-05 16:20:46"}
{"isOpen":true,"level":"info","message":"Redis Token Client ready","service":"mentor-one-api","timestamp":"2025-07-05 16:20:46"}
{"level":"info","message":"Redis clients connected successfully","pubClientOpen":true,"service":"mentor-one-api","subClientOpen":true,"timestamp":"2025-07-05 16:20:46","tokenClientOpen":true}
{"error":"Cannot find module '/Users/sriii/My Files/My Project/MentorOne/Backend/src/entities/adminEntity' imported from /Users/sriii/My Files/My Project/MentorOne/Backend/src/diContainer/diContainer.ts","level":"error","message":"Failed to initialize server","service":"mentor-one-api","timestamp":"2025-07-05 16:20:46"}
{"envPath":"/Users/sriii/My Files/My Project/MentorOne/Backend/.env","level":"info","message":"Environment variables loaded","service":"mentor-one-api","timestamp":"2025-07-05 16:30:03"}
{"level":"info","message":"Connecting Redis clients (attempt 1/3)...","service":"mentor-one-api","timestamp":"2025-07-05 16:30:03"}
{"isOpen":true,"level":"info","message":"Redis Pub Client connected","service":"mentor-one-api","timestamp":"2025-07-05 16:30:03"}
{"isOpen":true,"level":"info","message":"Redis Token Client connected","service":"mentor-one-api","timestamp":"2025-07-05 16:30:04"}
{"isOpen":true,"level":"info","message":"Redis Sub Client connected","service":"mentor-one-api","timestamp":"2025-07-05 16:30:04"}
{"isOpen":true,"level":"info","message":"Redis Token Client ready","service":"mentor-one-api","timestamp":"2025-07-05 16:30:04"}
{"level":"info","message":"Redis clients connected successfully","pubClientOpen":true,"service":"mentor-one-api","subClientOpen":true,"timestamp":"2025-07-05 16:30:04","tokenClientOpen":true}
{"error":"Cannot find module '/Users/sriii/My Files/My Project/MentorOne/Backend/src/entities/adminEntity' imported from /Users/sriii/My Files/My Project/MentorOne/Backend/src/diContainer/diContainer.ts","level":"error","message":"Failed to initialize server","service":"mentor-one-api","timestamp":"2025-07-05 16:30:04"}
{"envPath":"/Users/sriii/My Files/My Project/MentorOne/Backend/.env","level":"info","message":"Environment variables loaded","service":"mentor-one-api","timestamp":"2025-07-05 16:30:23"}
{"level":"info","message":"Connecting Redis clients (attempt 1/3)...","service":"mentor-one-api","timestamp":"2025-07-05 16:30:24"}
{"isOpen":true,"level":"info","message":"Redis Sub Client connected","service":"mentor-one-api","timestamp":"2025-07-05 16:30:24"}
{"isOpen":true,"level":"info","message":"Redis Pub Client connected","service":"mentor-one-api","timestamp":"2025-07-05 16:30:24"}
{"isOpen":true,"level":"info","message":"Redis Token Client connected","service":"mentor-one-api","timestamp":"2025-07-05 16:30:24"}
{"isOpen":true,"level":"info","message":"Redis Token Client ready","service":"mentor-one-api","timestamp":"2025-07-05 16:30:24"}
{"level":"info","message":"Redis clients connected successfully","pubClientOpen":true,"service":"mentor-one-api","subClientOpen":true,"timestamp":"2025-07-05 16:30:24","tokenClientOpen":true}
{"error":"Cannot find module '/Users/sriii/My Files/My Project/MentorOne/Backend/src/entities/adminEntity' imported from /Users/sriii/My Files/My Project/MentorOne/Backend/src/diContainer/diContainer.ts","level":"error","message":"Failed to initialize server","service":"mentor-one-api","timestamp":"2025-07-05 16:30:24"}
{"envPath":"/Users/sriii/My Files/My Project/MentorOne/Backend/.env","level":"info","message":"Environment variables loaded","service":"mentor-one-api","timestamp":"2025-07-05 16:30:49"}
{"level":"info","message":"Connecting Redis clients (attempt 1/3)...","service":"mentor-one-api","timestamp":"2025-07-05 16:30:49"}
{"isOpen":true,"level":"info","message":"Redis Pub Client connected","service":"mentor-one-api","timestamp":"2025-07-05 16:30:49"}
{"isOpen":true,"level":"info","message":"Redis Token Client connected","service":"mentor-one-api","timestamp":"2025-07-05 16:30:49"}
{"isOpen":true,"level":"info","message":"Redis Sub Client connected","service":"mentor-one-api","timestamp":"2025-07-05 16:30:49"}
{"isOpen":true,"level":"info","message":"Redis Token Client ready","service":"mentor-one-api","timestamp":"2025-07-05 16:30:49"}
{"level":"info","message":"Redis clients connected successfully","pubClientOpen":true,"service":"mentor-one-api","subClientOpen":true,"timestamp":"2025-07-05 16:30:49","tokenClientOpen":true}
{"error":"Cannot find module '/Users/sriii/My Files/My Project/MentorOne/Backend/src/entities/adminEntity' imported from /Users/sriii/My Files/My Project/MentorOne/Backend/src/diContainer/diContainer.ts","level":"error","message":"Failed to initialize server","service":"mentor-one-api","timestamp":"2025-07-05 16:30:50"}
{"envPath":"/Users/sriii/My Files/My Project/MentorOne/Backend/.env","level":"info","message":"Environment variables loaded","service":"mentor-one-api","timestamp":"2025-07-05 16:30:55"}
{"level":"info","message":"Connecting Redis clients (attempt 1/3)...","service":"mentor-one-api","timestamp":"2025-07-05 16:30:55"}
{"isOpen":true,"level":"info","message":"Redis Pub Client connected","service":"mentor-one-api","timestamp":"2025-07-05 16:30:55"}
{"isOpen":true,"level":"info","message":"Redis Token Client connected","service":"mentor-one-api","timestamp":"2025-07-05 16:30:55"}
{"isOpen":true,"level":"info","message":"Redis Sub Client connected","service":"mentor-one-api","timestamp":"2025-07-05 16:30:55"}
{"isOpen":true,"level":"info","message":"Redis Token Client ready","service":"mentor-one-api","timestamp":"2025-07-05 16:30:55"}
{"level":"info","message":"Redis clients connected successfully","pubClientOpen":true,"service":"mentor-one-api","subClientOpen":true,"timestamp":"2025-07-05 16:30:55","tokenClientOpen":true}
{"error":"Cannot find module '/Users/sriii/My Files/My Project/MentorOne/Backend/src/entities/adminEntity' imported from /Users/sriii/My Files/My Project/MentorOne/Backend/src/diContainer/diContainer.ts","level":"error","message":"Failed to initialize server","service":"mentor-one-api","timestamp":"2025-07-05 16:30:55"}
{"envPath":"/Users/sriii/My Files/My Project/MentorOne/Backend/.env","level":"info","message":"Environment variables loaded","service":"mentor-one-api","timestamp":"2025-07-05 17:19:05"}
{"level":"info","message":"Connecting Redis clients (attempt 1/3)...","service":"mentor-one-api","timestamp":"2025-07-05 17:19:05"}
{"isOpen":true,"level":"info","message":"Redis Pub Client connected","service":"mentor-one-api","timestamp":"2025-07-05 17:19:05"}
{"isOpen":true,"level":"info","message":"Redis Token Client connected","service":"mentor-one-api","timestamp":"2025-07-05 17:19:05"}
{"isOpen":true,"level":"info","message":"Redis Sub Client connected","service":"mentor-one-api","timestamp":"2025-07-05 17:19:05"}
{"isOpen":true,"level":"info","message":"Redis Token Client ready","service":"mentor-one-api","timestamp":"2025-07-05 17:19:05"}
{"level":"info","message":"Redis clients connected successfully","pubClientOpen":true,"service":"mentor-one-api","subClientOpen":true,"timestamp":"2025-07-05 17:19:05","tokenClientOpen":true}
{"error":"Cannot find module '/Users/sriii/My Files/My Project/MentorOne/Backend/src/entities/adminEntity' imported from /Users/sriii/My Files/My Project/MentorOne/Backend/src/diContainer/diContainer.ts","level":"error","message":"Failed to initialize server","service":"mentor-one-api","timestamp":"2025-07-05 17:19:05"}
{"envPath":"/Users/sriii/My Files/My Project/MentorOne/Backend/.env","level":"info","message":"Environment variables loaded","service":"mentor-one-api","timestamp":"2025-07-05 17:30:18"}
{"level":"info","message":"Connecting Redis clients (attempt 1/3)...","service":"mentor-one-api","timestamp":"2025-07-05 17:30:18"}
{"isOpen":true,"level":"info","message":"Redis Pub Client connected","service":"mentor-one-api","timestamp":"2025-07-05 17:30:18"}
{"isOpen":true,"level":"info","message":"Redis Token Client connected","service":"mentor-one-api","timestamp":"2025-07-05 17:30:18"}
{"isOpen":true,"level":"info","message":"Redis Sub Client connected","service":"mentor-one-api","timestamp":"2025-07-05 17:30:18"}
{"isOpen":true,"level":"info","message":"Redis Token Client ready","service":"mentor-one-api","timestamp":"2025-07-05 17:30:18"}
{"level":"info","message":"Redis clients connected successfully","pubClientOpen":true,"service":"mentor-one-api","subClientOpen":true,"timestamp":"2025-07-05 17:30:18","tokenClientOpen":true}
{"error":"Cannot find module '/Users/sriii/My Files/My Project/MentorOne/Backend/src/entities/adminEntity' imported from /Users/sriii/My Files/My Project/MentorOne/Backend/src/diContainer/diContainer.ts","level":"error","message":"Failed to initialize server","service":"mentor-one-api","timestamp":"2025-07-05 17:30:18"}
{"envPath":"/Users/sriii/My Files/My Project/MentorOne/Backend/.env","level":"info","message":"Environment variables loaded","service":"mentor-one-api","timestamp":"2025-07-05 17:34:13"}
{"level":"info","message":"=== SERVER STARTUP INITIATED ===","service":"mentor-one-api","timestamp":"2025-07-05 17:34:13"}
{"level":"info","message":"Step 1: Connecting Redis clients...","service":"mentor-one-api","timestamp":"2025-07-05 17:34:13"}
{"level":"info","message":"Connecting Redis clients (attempt 1/3)...","service":"mentor-one-api","timestamp":"2025-07-05 17:34:13"}
{"isOpen":true,"level":"info","message":"Redis Sub Client connected","service":"mentor-one-api","timestamp":"2025-07-05 17:34:13"}
{"isOpen":true,"level":"info","message":"Redis Pub Client connected","service":"mentor-one-api","timestamp":"2025-07-05 17:34:13"}
{"isOpen":true,"level":"info","message":"Redis Token Client connected","service":"mentor-one-api","timestamp":"2025-07-05 17:34:13"}
{"envPath":"/Users/sriii/My Files/My Project/MentorOne/Backend/.env","level":"info","message":"Environment variables loaded","service":"mentor-one-api","timestamp":"2025-07-05 17:36:10"}
{"level":"info","message":"=== SERVER STARTUP INITIATED ===","service":"mentor-one-api","timestamp":"2025-07-05 17:36:10"}
{"level":"info","message":"Step 1: Connecting Redis clients...","service":"mentor-one-api","timestamp":"2025-07-05 17:36:10"}
{"level":"info","message":"Connecting Redis clients (attempt 1/3)...","service":"mentor-one-api","timestamp":"2025-07-05 17:36:10"}
{"isOpen":true,"level":"info","message":"Redis Pub Client connected","service":"mentor-one-api","timestamp":"2025-07-05 17:36:10"}
{"isOpen":true,"level":"info","message":"Redis Token Client connected","service":"mentor-one-api","timestamp":"2025-07-05 17:36:10"}
{"isOpen":true,"level":"info","message":"Redis Sub Client connected","service":"mentor-one-api","timestamp":"2025-07-05 17:36:10"}
{"isOpen":true,"level":"info","message":"Redis Token Client ready","service":"mentor-one-api","timestamp":"2025-07-05 17:36:10"}
{"envPath":"/Users/sriii/My Files/My Project/MentorOne/Backend/.env","level":"info","message":"Environment variables loaded","service":"mentor-one-api","timestamp":"2025-07-05 17:36:41"}
{"level":"info","message":"=== SERVER STARTUP INITIATED ===","service":"mentor-one-api","timestamp":"2025-07-05 17:36:42"}
{"level":"info","message":"Step 1: Connecting Redis clients...","service":"mentor-one-api","timestamp":"2025-07-05 17:36:42"}
{"level":"info","message":"Connecting Redis clients (attempt 1/3)...","service":"mentor-one-api","timestamp":"2025-07-05 17:36:42"}
{"isOpen":true,"level":"info","message":"Redis Sub Client connected","service":"mentor-one-api","timestamp":"2025-07-05 17:36:42"}
{"isOpen":true,"level":"info","message":"Redis Pub Client connected","service":"mentor-one-api","timestamp":"2025-07-05 17:36:42"}
{"isOpen":true,"level":"info","message":"Redis Token Client connected","service":"mentor-one-api","timestamp":"2025-07-05 17:36:42"}
{"isOpen":true,"level":"info","message":"Redis Token Client ready","service":"mentor-one-api","timestamp":"2025-07-05 17:36:42"}
{"envPath":"/Users/sriii/My Files/My Project/MentorOne/Backend/.env","level":"info","message":"Environment variables loaded","service":"mentor-one-api","timestamp":"2025-07-05 17:41:28"}
{"level":"info","message":"=== SERVER STARTUP INITIATED ===","service":"mentor-one-api","timestamp":"2025-07-05 17:41:28"}
{"level":"info","message":"Step 1: Connecting Redis clients...","service":"mentor-one-api","timestamp":"2025-07-05 17:41:28"}
{"level":"info","message":"Connecting Redis clients (attempt 1/3)...","service":"mentor-one-api","timestamp":"2025-07-05 17:41:28"}
{"isOpen":true,"level":"info","message":"Redis Sub Client connected","service":"mentor-one-api","timestamp":"2025-07-05 17:41:28"}
{"isOpen":true,"level":"info","message":"Redis Pub Client connected","service":"mentor-one-api","timestamp":"2025-07-05 17:41:28"}
{"isOpen":true,"level":"info","message":"Redis Token Client connected","service":"mentor-one-api","timestamp":"2025-07-05 17:41:28"}
{"isOpen":true,"level":"info","message":"Redis Token Client ready","service":"mentor-one-api","timestamp":"2025-07-05 17:41:28"}
{"envPath":"/Users/sriii/My Files/My Project/MentorOne/Backend/.env","level":"info","message":"Environment variables loaded","service":"mentor-one-api","timestamp":"2025-07-05 17:42:36"}
{"level":"info","message":"=== SERVER STARTUP INITIATED ===","service":"mentor-one-api","timestamp":"2025-07-05 17:42:36"}
{"level":"info","message":"Step 1: Connecting Redis clients...","service":"mentor-one-api","timestamp":"2025-07-05 17:42:36"}
{"level":"info","message":"Connecting Redis clients (attempt 1/3)...","service":"mentor-one-api","timestamp":"2025-07-05 17:42:36"}
{"isOpen":true,"level":"info","message":"Redis Pub Client connected","service":"mentor-one-api","timestamp":"2025-07-05 17:42:36"}
{"isOpen":true,"level":"info","message":"Redis Token Client connected","service":"mentor-one-api","timestamp":"2025-07-05 17:42:36"}
{"isOpen":true,"level":"info","message":"Redis Sub Client connected","service":"mentor-one-api","timestamp":"2025-07-05 17:42:36"}
{"isOpen":true,"level":"info","message":"Redis Token Client ready","service":"mentor-one-api","timestamp":"2025-07-05 17:42:36"}
{"envPath":"/Users/sriii/My Files/My Project/MentorOne/Backend/.env","level":"info","message":"Environment variables loaded","service":"mentor-one-api","timestamp":"2025-07-05 17:42:46"}
{"level":"info","message":"=== SERVER STARTUP INITIATED ===","service":"mentor-one-api","timestamp":"2025-07-05 17:42:46"}
{"level":"info","message":"Step 1: Connecting Redis clients...","service":"mentor-one-api","timestamp":"2025-07-05 17:42:46"}
{"level":"info","message":"Connecting Redis clients (attempt 1/3)...","service":"mentor-one-api","timestamp":"2025-07-05 17:42:46"}
{"isOpen":true,"level":"info","message":"Redis Pub Client connected","service":"mentor-one-api","timestamp":"2025-07-05 17:42:46"}
{"isOpen":true,"level":"info","message":"Redis Sub Client connected","service":"mentor-one-api","timestamp":"2025-07-05 17:42:46"}
{"isOpen":true,"level":"info","message":"Redis Token Client connected","service":"mentor-one-api","timestamp":"2025-07-05 17:42:46"}
{"isOpen":true,"level":"info","message":"Redis Token Client ready","service":"mentor-one-api","timestamp":"2025-07-05 17:42:47"}
{"envPath":"/Users/sriii/My Files/My Project/MentorOne/Backend/.env","level":"info","message":"Environment variables loaded","service":"mentor-one-api","timestamp":"2025-07-05 17:42:51"}
{"level":"info","message":"=== SERVER STARTUP INITIATED ===","service":"mentor-one-api","timestamp":"2025-07-05 17:42:51"}
{"level":"info","message":"Step 1: Connecting Redis clients...","service":"mentor-one-api","timestamp":"2025-07-05 17:42:51"}
{"level":"info","message":"Connecting Redis clients (attempt 1/3)...","service":"mentor-one-api","timestamp":"2025-07-05 17:42:51"}
{"isOpen":true,"level":"info","message":"Redis Pub Client connected","service":"mentor-one-api","timestamp":"2025-07-05 17:42:51"}
{"isOpen":true,"level":"info","message":"Redis Sub Client connected","service":"mentor-one-api","timestamp":"2025-07-05 17:42:51"}
{"isOpen":true,"level":"info","message":"Redis Token Client connected","service":"mentor-one-api","timestamp":"2025-07-05 17:42:51"}
{"envPath":"/Users/sriii/My Files/My Project/MentorOne/Backend/.env","level":"info","message":"Environment variables loaded","service":"mentor-one-api","timestamp":"2025-07-05 17:45:54"}
{"level":"info","message":"=== SERVER STARTUP INITIATED ===","service":"mentor-one-api","timestamp":"2025-07-05 17:45:55"}
{"level":"info","message":"Step 1: Connecting Redis clients...","service":"mentor-one-api","timestamp":"2025-07-05 17:45:55"}
{"level":"info","message":"Connecting Redis clients (attempt 1/3)...","service":"mentor-one-api","timestamp":"2025-07-05 17:45:55"}
{"isOpen":true,"level":"info","message":"Redis Pub Client connected","service":"mentor-one-api","timestamp":"2025-07-05 17:45:55"}
{"isOpen":true,"level":"info","message":"Redis Token Client connected","service":"mentor-one-api","timestamp":"2025-07-05 17:45:55"}
{"isOpen":true,"level":"info","message":"Redis Sub Client connected","service":"mentor-one-api","timestamp":"2025-07-05 17:45:55"}
{"isOpen":true,"level":"info","message":"Redis Token Client ready","service":"mentor-one-api","timestamp":"2025-07-05 17:45:55"}
{"envPath":"/Users/sriii/My Files/My Project/MentorOne/Backend/.env","level":"info","message":"Environment variables loaded","service":"mentor-one-api","timestamp":"2025-07-05 17:46:59"}
{"level":"info","message":"=== SERVER STARTUP INITIATED ===","service":"mentor-one-api","timestamp":"2025-07-05 17:46:59"}
{"level":"info","message":"Step 1: Connecting Redis clients...","service":"mentor-one-api","timestamp":"2025-07-05 17:46:59"}
{"level":"info","message":"Connecting Redis clients (attempt 1/3)...","service":"mentor-one-api","timestamp":"2025-07-05 17:46:59"}
{"isOpen":true,"level":"info","message":"Redis Pub Client connected","service":"mentor-one-api","timestamp":"2025-07-05 17:46:59"}
{"isOpen":true,"level":"info","message":"Redis Sub Client connected","service":"mentor-one-api","timestamp":"2025-07-05 17:46:59"}
{"isOpen":true,"level":"info","message":"Redis Token Client connected","service":"mentor-one-api","timestamp":"2025-07-05 17:46:59"}
{"isOpen":true,"level":"info","message":"Redis Token Client ready","service":"mentor-one-api","timestamp":"2025-07-05 17:46:59"}
{"envPath":"/Users/sriii/My Files/My Project/MentorOne/Backend/.env","level":"info","message":"Environment variables loaded","service":"mentor-one-api","timestamp":"2025-07-05 17:47:14"}
{"level":"info","message":"=== SERVER STARTUP INITIATED ===","service":"mentor-one-api","timestamp":"2025-07-05 17:47:14"}
{"level":"info","message":"Step 1: Connecting Redis clients...","service":"mentor-one-api","timestamp":"2025-07-05 17:47:14"}
{"level":"info","message":"Connecting Redis clients (attempt 1/3)...","service":"mentor-one-api","timestamp":"2025-07-05 17:47:14"}
{"isOpen":true,"level":"info","message":"Redis Sub Client connected","service":"mentor-one-api","timestamp":"2025-07-05 17:47:14"}
{"isOpen":true,"level":"info","message":"Redis Pub Client connected","service":"mentor-one-api","timestamp":"2025-07-05 17:47:14"}
{"isOpen":true,"level":"info","message":"Redis Token Client connected","service":"mentor-one-api","timestamp":"2025-07-05 17:47:14"}
{"isOpen":true,"level":"info","message":"Redis Token Client ready","service":"mentor-one-api","timestamp":"2025-07-05 17:47:14"}
{"envPath":"/Users/sriii/My Files/My Project/MentorOne/Backend/.env","level":"info","message":"Environment variables loaded","service":"mentor-one-api","timestamp":"2025-07-05 17:47:52"}
{"level":"info","message":"=== SERVER STARTUP INITIATED ===","service":"mentor-one-api","timestamp":"2025-07-05 17:47:52"}
{"level":"info","message":"Step 1: Connecting Redis clients...","service":"mentor-one-api","timestamp":"2025-07-05 17:47:52"}
{"level":"info","message":"Connecting Redis clients (attempt 1/3)...","service":"mentor-one-api","timestamp":"2025-07-05 17:47:52"}
{"isOpen":true,"level":"info","message":"Redis Pub Client connected","service":"mentor-one-api","timestamp":"2025-07-05 17:47:52"}
{"isOpen":true,"level":"info","message":"Redis Sub Client connected","service":"mentor-one-api","timestamp":"2025-07-05 17:47:52"}
{"isOpen":true,"level":"info","message":"Redis Token Client connected","service":"mentor-one-api","timestamp":"2025-07-05 17:47:52"}
{"isOpen":true,"level":"info","message":"Redis Token Client ready","service":"mentor-one-api","timestamp":"2025-07-05 17:47:52"}
{"envPath":"/Users/sriii/My Files/My Project/MentorOne/Backend/.env","level":"info","message":"Environment variables loaded","service":"mentor-one-api","timestamp":"2025-07-05 17:48:02"}
{"level":"info","message":"=== SERVER STARTUP INITIATED ===","service":"mentor-one-api","timestamp":"2025-07-05 17:48:02"}
{"level":"info","message":"Step 1: Connecting Redis clients...","service":"mentor-one-api","timestamp":"2025-07-05 17:48:02"}
{"level":"info","message":"Connecting Redis clients (attempt 1/3)...","service":"mentor-one-api","timestamp":"2025-07-05 17:48:02"}
{"isOpen":true,"level":"info","message":"Redis Pub Client connected","service":"mentor-one-api","timestamp":"2025-07-05 17:48:02"}
{"isOpen":true,"level":"info","message":"Redis Token Client connected","service":"mentor-one-api","timestamp":"2025-07-05 17:48:02"}
{"isOpen":true,"level":"info","message":"Redis Sub Client connected","service":"mentor-one-api","timestamp":"2025-07-05 17:48:02"}
{"envPath":"/Users/sriii/My Files/My Project/MentorOne/Backend/.env","level":"info","message":"Environment variables loaded","service":"mentor-one-api","timestamp":"2025-07-05 17:48:23"}
{"level":"info","message":"=== SERVER STARTUP INITIATED ===","service":"mentor-one-api","timestamp":"2025-07-05 17:48:23"}
{"level":"info","message":"Step 1: Connecting Redis clients...","service":"mentor-one-api","timestamp":"2025-07-05 17:48:23"}
{"level":"info","message":"Connecting Redis clients (attempt 1/3)...","service":"mentor-one-api","timestamp":"2025-07-05 17:48:23"}
{"isOpen":true,"level":"info","message":"Redis Sub Client connected","service":"mentor-one-api","timestamp":"2025-07-05 17:48:23"}
{"isOpen":true,"level":"info","message":"Redis Pub Client connected","service":"mentor-one-api","timestamp":"2025-07-05 17:48:23"}
{"isOpen":true,"level":"info","message":"Redis Token Client connected","service":"mentor-one-api","timestamp":"2025-07-05 17:48:23"}
{"envPath":"/Users/sriii/My Files/My Project/MentorOne/Backend/.env","level":"info","message":"Environment variables loaded","service":"mentor-one-api","timestamp":"2025-07-05 17:48:34"}
{"level":"info","message":"=== SERVER STARTUP INITIATED ===","service":"mentor-one-api","timestamp":"2025-07-05 17:48:34"}
{"level":"info","message":"Step 1: Connecting Redis clients...","service":"mentor-one-api","timestamp":"2025-07-05 17:48:34"}
{"level":"info","message":"Connecting Redis clients (attempt 1/3)...","service":"mentor-one-api","timestamp":"2025-07-05 17:48:34"}
{"isOpen":true,"level":"info","message":"Redis Pub Client connected","service":"mentor-one-api","timestamp":"2025-07-05 17:48:34"}
{"isOpen":true,"level":"info","message":"Redis Sub Client connected","service":"mentor-one-api","timestamp":"2025-07-05 17:48:34"}
{"isOpen":true,"level":"info","message":"Redis Token Client connected","service":"mentor-one-api","timestamp":"2025-07-05 17:48:34"}
{"isOpen":true,"level":"info","message":"Redis Token Client ready","service":"mentor-one-api","timestamp":"2025-07-05 17:48:34"}
{"envPath":"/Users/sriii/My Files/My Project/MentorOne/Backend/.env","level":"info","message":"Environment variables loaded","service":"mentor-one-api","timestamp":"2025-07-05 17:48:39"}
{"level":"info","message":"=== SERVER STARTUP INITIATED ===","service":"mentor-one-api","timestamp":"2025-07-05 17:48:40"}
{"level":"info","message":"Step 1: Connecting Redis clients...","service":"mentor-one-api","timestamp":"2025-07-05 17:48:40"}
{"level":"info","message":"Connecting Redis clients (attempt 1/3)...","service":"mentor-one-api","timestamp":"2025-07-05 17:48:40"}
{"isOpen":true,"level":"info","message":"Redis Pub Client connected","service":"mentor-one-api","timestamp":"2025-07-05 17:48:40"}
{"isOpen":true,"level":"info","message":"Redis Token Client connected","service":"mentor-one-api","timestamp":"2025-07-05 17:48:40"}
{"isOpen":true,"level":"info","message":"Redis Sub Client connected","service":"mentor-one-api","timestamp":"2025-07-05 17:48:40"}
{"envPath":"/Users/sriii/My Files/My Project/MentorOne/Backend/.env","level":"info","message":"Environment variables loaded","service":"mentor-one-api","timestamp":"2025-07-05 17:49:01"}
{"level":"info","message":"=== SERVER STARTUP INITIATED ===","service":"mentor-one-api","timestamp":"2025-07-05 17:49:02"}
{"level":"info","message":"Step 1: Connecting Redis clients...","service":"mentor-one-api","timestamp":"2025-07-05 17:49:02"}
{"level":"info","message":"Connecting Redis clients (attempt 1/3)...","service":"mentor-one-api","timestamp":"2025-07-05 17:49:02"}
{"isOpen":true,"level":"info","message":"Redis Sub Client connected","service":"mentor-one-api","timestamp":"2025-07-05 17:49:02"}
{"isOpen":true,"level":"info","message":"Redis Pub Client connected","service":"mentor-one-api","timestamp":"2025-07-05 17:49:02"}
{"isOpen":true,"level":"info","message":"Redis Token Client connected","service":"mentor-one-api","timestamp":"2025-07-05 17:49:02"}
{"envPath":"/Users/sriii/My Files/My Project/MentorOne/Backend/.env","level":"info","message":"Environment variables loaded","service":"mentor-one-api","timestamp":"2025-07-05 17:50:39"}
{"level":"info","message":"=== SERVER STARTUP INITIATED ===","service":"mentor-one-api","timestamp":"2025-07-05 17:50:40"}
{"level":"info","message":"Step 1: Connecting Redis clients...","service":"mentor-one-api","timestamp":"2025-07-05 17:50:40"}
{"level":"info","message":"Connecting Redis clients (attempt 1/3)...","service":"mentor-one-api","timestamp":"2025-07-05 17:50:40"}
{"isOpen":true,"level":"info","message":"Redis Pub Client connected","service":"mentor-one-api","timestamp":"2025-07-05 17:50:40"}
{"isOpen":true,"level":"info","message":"Redis Sub Client connected","service":"mentor-one-api","timestamp":"2025-07-05 17:50:40"}
{"isOpen":true,"level":"info","message":"Redis Token Client connected","service":"mentor-one-api","timestamp":"2025-07-05 17:50:40"}
{"isOpen":true,"level":"info","message":"Redis Token Client ready","service":"mentor-one-api","timestamp":"2025-07-05 17:50:40"}
{"envPath":"/Users/sriii/My Files/My Project/MentorOne/Backend/.env","level":"info","message":"Environment variables loaded","service":"mentor-one-api","timestamp":"2025-07-05 18:05:36"}
{"level":"info","message":"=== SERVER STARTUP INITIATED ===","service":"mentor-one-api","timestamp":"2025-07-05 18:05:37"}
{"level":"info","message":"Step 1: Connecting Redis clients...","service":"mentor-one-api","timestamp":"2025-07-05 18:05:37"}
{"level":"info","message":"Connecting Redis clients (attempt 1/3)...","service":"mentor-one-api","timestamp":"2025-07-05 18:05:37"}
{"isOpen":true,"level":"info","message":"Redis Sub Client connected","service":"mentor-one-api","timestamp":"2025-07-05 18:05:37"}
{"isOpen":true,"level":"info","message":"Redis Pub Client connected","service":"mentor-one-api","timestamp":"2025-07-05 18:05:37"}
{"isOpen":true,"level":"info","message":"Redis Token Client connected","service":"mentor-one-api","timestamp":"2025-07-05 18:05:37"}
{"isOpen":true,"level":"info","message":"Redis Token Client ready","service":"mentor-one-api","timestamp":"2025-07-05 18:05:37"}
{"envPath":"/Users/sriii/My Files/My Project/MentorOne/Backend/.env","level":"info","message":"Environment variables loaded","service":"mentor-one-api","timestamp":"2025-07-05 18:24:39"}
{"level":"info","message":"=== SERVER STARTUP INITIATED ===","service":"mentor-one-api","timestamp":"2025-07-05 18:24:39"}
{"level":"info","message":"Step 1: Connecting Redis clients...","service":"mentor-one-api","timestamp":"2025-07-05 18:24:39"}
{"level":"info","message":"Connecting Redis clients (attempt 1/3)...","service":"mentor-one-api","timestamp":"2025-07-05 18:24:39"}
{"isOpen":true,"level":"info","message":"Redis Pub Client connected","service":"mentor-one-api","timestamp":"2025-07-05 18:24:39"}
{"isOpen":true,"level":"info","message":"Redis Token Client connected","service":"mentor-one-api","timestamp":"2025-07-05 18:24:39"}
{"isOpen":true,"level":"info","message":"Redis Sub Client connected","service":"mentor-one-api","timestamp":"2025-07-05 18:24:39"}
{"isOpen":true,"level":"info","message":"Redis Token Client ready","service":"mentor-one-api","timestamp":"2025-07-05 18:24:39"}
{"envPath":"/Users/sriii/My Files/My Project/MentorOne/Backend/.env","level":"info","message":"Environment variables loaded","service":"mentor-one-api","timestamp":"2025-07-05 18:25:02"}
{"level":"info","message":"=== SERVER STARTUP INITIATED ===","service":"mentor-one-api","timestamp":"2025-07-05 18:25:02"}
{"level":"info","message":"Step 1: Connecting Redis clients...","service":"mentor-one-api","timestamp":"2025-07-05 18:25:02"}
{"level":"info","message":"Connecting Redis clients (attempt 1/3)...","service":"mentor-one-api","timestamp":"2025-07-05 18:25:02"}
{"isOpen":true,"level":"info","message":"Redis Pub Client connected","service":"mentor-one-api","timestamp":"2025-07-05 18:25:02"}
{"isOpen":true,"level":"info","message":"Redis Token Client connected","service":"mentor-one-api","timestamp":"2025-07-05 18:25:02"}
{"isOpen":true,"level":"info","message":"Redis Sub Client connected","service":"mentor-one-api","timestamp":"2025-07-05 18:25:02"}
{"isOpen":true,"level":"info","message":"Redis Token Client ready","service":"mentor-one-api","timestamp":"2025-07-05 18:25:02"}
{"envPath":"/Users/sriii/My Files/My Project/MentorOne/Backend/.env","level":"info","message":"Environment variables loaded","service":"mentor-one-api","timestamp":"2025-07-05 18:25:23"}
{"level":"info","message":"=== SERVER STARTUP INITIATED ===","service":"mentor-one-api","timestamp":"2025-07-05 18:25:24"}
{"level":"info","message":"Step 1: Connecting Redis clients...","service":"mentor-one-api","timestamp":"2025-07-05 18:25:24"}
{"level":"info","message":"Connecting Redis clients (attempt 1/3)...","service":"mentor-one-api","timestamp":"2025-07-05 18:25:24"}
{"isOpen":true,"level":"info","message":"Redis Pub Client connected","service":"mentor-one-api","timestamp":"2025-07-05 18:25:24"}
{"isOpen":true,"level":"info","message":"Redis Token Client connected","service":"mentor-one-api","timestamp":"2025-07-05 18:25:24"}
{"isOpen":true,"level":"info","message":"Redis Sub Client connected","service":"mentor-one-api","timestamp":"2025-07-05 18:25:24"}
{"isOpen":true,"level":"info","message":"Redis Token Client ready","service":"mentor-one-api","timestamp":"2025-07-05 18:25:24"}
{"level":"info","message":"Redis clients connected successfully","pubClientOpen":true,"service":"mentor-one-api","subClientOpen":true,"timestamp":"2025-07-05 18:25:24","tokenClientOpen":true}
{"level":"info","message":"Step 1: Redis clients connected successfully","service":"mentor-one-api","timestamp":"2025-07-05 18:25:24"}
{"level":"info","message":"Step 2: Initializing Express and HTTP server...","service":"mentor-one-api","timestamp":"2025-07-05 18:25:24"}
{"level":"info","message":"Step 2: Express and HTTP server initialized","service":"mentor-one-api","timestamp":"2025-07-05 18:25:24"}
{"0":"h","1":"t","10":"a","11":"l","12":"h","13":"o","14":"s","15":"t","16":":","17":"5","18":"1","19":"7","2":"t","20":"3","3":"p","4":":","5":"/","6":"/","7":"l","8":"o","9":"c","level":"info","message":"Step 3: Initializing Socket.IO server...","service":"mentor-one-api","timestamp":"2025-07-05 18:25:24"}
{"envPath":"/Users/sriii/My Files/My Project/MentorOne/Backend/.env","level":"info","message":"Environment variables loaded","service":"mentor-one-api","timestamp":"2025-07-05 18:25:51"}
{"level":"info","message":"=== SERVER STARTUP INITIATED ===","service":"mentor-one-api","timestamp":"2025-07-05 18:25:51"}
{"level":"info","message":"Step 1: Connecting Redis clients...","service":"mentor-one-api","timestamp":"2025-07-05 18:25:51"}
{"level":"info","message":"Connecting Redis clients (attempt 1/3)...","service":"mentor-one-api","timestamp":"2025-07-05 18:25:51"}
{"isOpen":true,"level":"info","message":"Redis Sub Client connected","service":"mentor-one-api","timestamp":"2025-07-05 18:25:51"}
{"isOpen":true,"level":"info","message":"Redis Pub Client connected","service":"mentor-one-api","timestamp":"2025-07-05 18:25:51"}
{"isOpen":true,"level":"info","message":"Redis Token Client connected","service":"mentor-one-api","timestamp":"2025-07-05 18:25:51"}
{"isOpen":true,"level":"info","message":"Redis Token Client ready","service":"mentor-one-api","timestamp":"2025-07-05 18:25:51"}
{"level":"info","message":"Redis clients connected successfully","pubClientOpen":true,"service":"mentor-one-api","subClientOpen":true,"timestamp":"2025-07-05 18:25:51","tokenClientOpen":true}
{"level":"info","message":"Step 1: Redis clients connected successfully","service":"mentor-one-api","timestamp":"2025-07-05 18:25:51"}
{"level":"info","message":"Step 2: Initializing Express and HTTP server...","service":"mentor-one-api","timestamp":"2025-07-05 18:25:51"}
{"level":"info","message":"Step 2: Express and HTTP server initialized","service":"mentor-one-api","timestamp":"2025-07-05 18:25:51"}
{"0":"h","1":"t","10":"a","11":"l","12":"h","13":"o","14":"s","15":"t","16":":","17":"5","18":"1","19":"7","2":"t","20":"3","3":"p","4":":","5":"/","6":"/","7":"l","8":"o","9":"c","level":"info","message":"Step 3: Initializing Socket.IO server...","service":"mentor-one-api","timestamp":"2025-07-05 18:25:51"}
{"envPath":"/Users/sriii/My Files/My Project/MentorOne/Backend/.env","level":"info","message":"Environment variables loaded","service":"mentor-one-api","timestamp":"2025-07-05 18:30:50"}
{"level":"info","message":"=== SERVER STARTUP INITIATED ===","service":"mentor-one-api","timestamp":"2025-07-05 18:30:51"}
{"level":"info","message":"Step 1: Connecting Redis clients...","service":"mentor-one-api","timestamp":"2025-07-05 18:30:51"}
{"level":"info","message":"Connecting Redis clients (attempt 1/3)...","service":"mentor-one-api","timestamp":"2025-07-05 18:30:51"}
{"isOpen":true,"level":"info","message":"Redis Sub Client connected","service":"mentor-one-api","timestamp":"2025-07-05 18:30:51"}
{"isOpen":true,"level":"info","message":"Redis Pub Client connected","service":"mentor-one-api","timestamp":"2025-07-05 18:30:51"}
{"isOpen":true,"level":"info","message":"Redis Token Client connected","service":"mentor-one-api","timestamp":"2025-07-05 18:30:51"}
{"isOpen":true,"level":"info","message":"Redis Token Client ready","service":"mentor-one-api","timestamp":"2025-07-05 18:30:51"}
{"envPath":"/Users/sriii/My Files/My Project/MentorOne/Backend/.env","level":"info","message":"Environment variables loaded","service":"mentor-one-api","timestamp":"2025-07-05 18:30:59"}
{"level":"info","message":"=== SERVER STARTUP INITIATED ===","service":"mentor-one-api","timestamp":"2025-07-05 18:31:00"}
{"level":"info","message":"Step 1: Connecting Redis clients...","service":"mentor-one-api","timestamp":"2025-07-05 18:31:00"}
{"level":"info","message":"Connecting Redis clients (attempt 1/3)...","service":"mentor-one-api","timestamp":"2025-07-05 18:31:00"}
{"isOpen":true,"level":"info","message":"Redis Sub Client connected","service":"mentor-one-api","timestamp":"2025-07-05 18:31:00"}
{"isOpen":true,"level":"info","message":"Redis Pub Client connected","service":"mentor-one-api","timestamp":"2025-07-05 18:31:00"}
{"isOpen":true,"level":"info","message":"Redis Token Client connected","service":"mentor-one-api","timestamp":"2025-07-05 18:31:00"}
{"isOpen":true,"level":"info","message":"Redis Token Client ready","service":"mentor-one-api","timestamp":"2025-07-05 18:31:00"}
{"envPath":"/Users/sriii/My Files/My Project/MentorOne/Backend/.env","level":"info","message":"Environment variables loaded","service":"mentor-one-api","timestamp":"2025-07-05 18:33:53"}
{"level":"info","message":"=== SERVER STARTUP INITIATED ===","service":"mentor-one-api","timestamp":"2025-07-05 18:33:53"}
{"level":"info","message":"Step 1: Connecting Redis clients...","service":"mentor-one-api","timestamp":"2025-07-05 18:33:53"}
{"level":"info","message":"Connecting Redis clients (attempt 1/3)...","service":"mentor-one-api","timestamp":"2025-07-05 18:33:53"}
{"isOpen":true,"level":"info","message":"Redis Pub Client connected","service":"mentor-one-api","timestamp":"2025-07-05 18:33:53"}
{"isOpen":true,"level":"info","message":"Redis Token Client connected","service":"mentor-one-api","timestamp":"2025-07-05 18:33:53"}
{"isOpen":true,"level":"info","message":"Redis Sub Client connected","service":"mentor-one-api","timestamp":"2025-07-05 18:33:53"}
{"isOpen":true,"level":"info","message":"Redis Token Client ready","service":"mentor-one-api","timestamp":"2025-07-05 18:33:53"}
{"envPath":"/Users/sriii/My Files/My Project/MentorOne/Backend/.env","level":"info","message":"Environment variables loaded","service":"mentor-one-api","timestamp":"2025-07-05 18:34:04"}
{"level":"info","message":"=== SERVER STARTUP INITIATED ===","service":"mentor-one-api","timestamp":"2025-07-05 18:34:05"}
{"level":"info","message":"Step 1: Connecting Redis clients...","service":"mentor-one-api","timestamp":"2025-07-05 18:34:05"}
{"level":"info","message":"Connecting Redis clients (attempt 1/3)...","service":"mentor-one-api","timestamp":"2025-07-05 18:34:05"}
{"isOpen":true,"level":"info","message":"Redis Pub Client connected","service":"mentor-one-api","timestamp":"2025-07-05 18:34:05"}
{"isOpen":true,"level":"info","message":"Redis Token Client connected","service":"mentor-one-api","timestamp":"2025-07-05 18:34:05"}
{"isOpen":true,"level":"info","message":"Redis Sub Client connected","service":"mentor-one-api","timestamp":"2025-07-05 18:34:05"}
{"isOpen":true,"level":"info","message":"Redis Token Client ready","service":"mentor-one-api","timestamp":"2025-07-05 18:34:05"}
{"envPath":"/Users/sriii/My Files/My Project/MentorOne/Backend/.env","level":"info","message":"Environment variables loaded","service":"mentor-one-api","timestamp":"2025-07-05 18:34:14"}
{"level":"info","message":"=== SERVER STARTUP INITIATED ===","service":"mentor-one-api","timestamp":"2025-07-05 18:34:14"}
{"level":"info","message":"Step 1: Connecting Redis clients...","service":"mentor-one-api","timestamp":"2025-07-05 18:34:14"}
{"level":"info","message":"Connecting Redis clients (attempt 1/3)...","service":"mentor-one-api","timestamp":"2025-07-05 18:34:14"}
{"isOpen":true,"level":"info","message":"Redis Sub Client connected","service":"mentor-one-api","timestamp":"2025-07-05 18:34:14"}
{"isOpen":true,"level":"info","message":"Redis Pub Client connected","service":"mentor-one-api","timestamp":"2025-07-05 18:34:14"}
{"isOpen":true,"level":"info","message":"Redis Token Client connected","service":"mentor-one-api","timestamp":"2025-07-05 18:34:14"}
{"isOpen":true,"level":"info","message":"Redis Token Client ready","service":"mentor-one-api","timestamp":"2025-07-05 18:34:14"}
{"envPath":"/Users/sriii/My Files/My Project/MentorOne/Backend/.env","level":"info","message":"Environment variables loaded","service":"mentor-one-api","timestamp":"2025-07-05 18:34:54"}
{"level":"info","message":"=== SERVER STARTUP INITIATED ===","service":"mentor-one-api","timestamp":"2025-07-05 18:34:55"}
{"level":"info","message":"Step 1: Connecting Redis clients...","service":"mentor-one-api","timestamp":"2025-07-05 18:34:55"}
{"level":"info","message":"Connecting Redis clients (attempt 1/3)...","service":"mentor-one-api","timestamp":"2025-07-05 18:34:55"}
{"isOpen":true,"level":"info","message":"Redis Pub Client connected","service":"mentor-one-api","timestamp":"2025-07-05 18:34:55"}
{"isOpen":true,"level":"info","message":"Redis Token Client connected","service":"mentor-one-api","timestamp":"2025-07-05 18:34:55"}
{"isOpen":true,"level":"info","message":"Redis Sub Client connected","service":"mentor-one-api","timestamp":"2025-07-05 18:34:55"}
{"isOpen":true,"level":"info","message":"Redis Token Client ready","service":"mentor-one-api","timestamp":"2025-07-05 18:34:55"}
{"envPath":"/Users/sriii/My Files/My Project/MentorOne/Backend/.env","level":"info","message":"Environment variables loaded","service":"mentor-one-api","timestamp":"2025-07-05 18:35:15"}
{"level":"info","message":"=== SERVER STARTUP INITIATED ===","service":"mentor-one-api","timestamp":"2025-07-05 18:35:15"}
{"level":"info","message":"Step 1: Connecting Redis clients...","service":"mentor-one-api","timestamp":"2025-07-05 18:35:15"}
{"level":"info","message":"Connecting Redis clients (attempt 1/3)...","service":"mentor-one-api","timestamp":"2025-07-05 18:35:15"}
{"isOpen":true,"level":"info","message":"Redis Pub Client connected","service":"mentor-one-api","timestamp":"2025-07-05 18:35:15"}
{"isOpen":true,"level":"info","message":"Redis Sub Client connected","service":"mentor-one-api","timestamp":"2025-07-05 18:35:15"}
{"isOpen":true,"level":"info","message":"Redis Token Client connected","service":"mentor-one-api","timestamp":"2025-07-05 18:35:15"}
{"envPath":"/Users/sriii/My Files/My Project/MentorOne/Backend/.env","level":"info","message":"Environment variables loaded","service":"mentor-one-api","timestamp":"2025-07-05 18:36:19"}
{"level":"info","message":"=== SERVER STARTUP INITIATED ===","service":"mentor-one-api","timestamp":"2025-07-05 18:36:20"}
{"level":"info","message":"Step 1: Connecting Redis clients...","service":"mentor-one-api","timestamp":"2025-07-05 18:36:20"}
{"level":"info","message":"Connecting Redis clients (attempt 1/3)...","service":"mentor-one-api","timestamp":"2025-07-05 18:36:20"}
{"isOpen":true,"level":"info","message":"Redis Sub Client connected","service":"mentor-one-api","timestamp":"2025-07-05 18:36:20"}
{"isOpen":true,"level":"info","message":"Redis Pub Client connected","service":"mentor-one-api","timestamp":"2025-07-05 18:36:20"}
{"isOpen":true,"level":"info","message":"Redis Token Client connected","service":"mentor-one-api","timestamp":"2025-07-05 18:36:20"}
{"isOpen":true,"level":"info","message":"Redis Token Client ready","service":"mentor-one-api","timestamp":"2025-07-05 18:36:20"}
{"envPath":"/Users/sriii/My Files/My Project/MentorOne/Backend/.env","level":"info","message":"Environment variables loaded","service":"mentor-one-api","timestamp":"2025-07-05 18:38:36"}
{"level":"info","message":"=== SERVER STARTUP INITIATED ===","service":"mentor-one-api","timestamp":"2025-07-05 18:38:37"}
{"level":"info","message":"Step 1: Connecting Redis clients...","service":"mentor-one-api","timestamp":"2025-07-05 18:38:37"}
{"level":"info","message":"Connecting Redis clients (attempt 1/3)...","service":"mentor-one-api","timestamp":"2025-07-05 18:38:37"}
{"isOpen":true,"level":"info","message":"Redis Pub Client connected","service":"mentor-one-api","timestamp":"2025-07-05 18:38:37"}
{"isOpen":true,"level":"info","message":"Redis Sub Client connected","service":"mentor-one-api","timestamp":"2025-07-05 18:38:37"}
{"isOpen":true,"level":"info","message":"Redis Token Client connected","service":"mentor-one-api","timestamp":"2025-07-05 18:38:37"}
{"isOpen":true,"level":"info","message":"Redis Token Client ready","service":"mentor-one-api","timestamp":"2025-07-05 18:38:37"}
{"envPath":"/Users/sriii/My Files/My Project/MentorOne/Backend/.env","level":"info","message":"Environment variables loaded","service":"mentor-one-api","timestamp":"2025-07-05 18:43:43"}
{"level":"info","message":"=== SERVER STARTUP INITIATED ===","service":"mentor-one-api","timestamp":"2025-07-05 18:43:44"}
{"level":"info","message":"Step 1: Connecting Redis clients...","service":"mentor-one-api","timestamp":"2025-07-05 18:43:44"}
{"level":"info","message":"Connecting Redis clients (attempt 1/3)...","service":"mentor-one-api","timestamp":"2025-07-05 18:43:44"}
{"isOpen":true,"level":"info","message":"Redis Pub Client connected","service":"mentor-one-api","timestamp":"2025-07-05 18:43:44"}
{"isOpen":true,"level":"info","message":"Redis Sub Client connected","service":"mentor-one-api","timestamp":"2025-07-05 18:43:44"}
{"isOpen":true,"level":"info","message":"Redis Token Client connected","service":"mentor-one-api","timestamp":"2025-07-05 18:43:44"}
{"isOpen":true,"level":"info","message":"Redis Token Client ready","service":"mentor-one-api","timestamp":"2025-07-05 18:43:44"}
{"envPath":"/Users/sriii/My Files/My Project/MentorOne/Backend/.env","level":"info","message":"Environment variables loaded","service":"mentor-one-api","timestamp":"2025-07-05 18:44:56"}
{"level":"info","message":"=== SERVER STARTUP INITIATED ===","service":"mentor-one-api","timestamp":"2025-07-05 18:44:56"}
{"level":"info","message":"Step 1: Connecting Redis clients...","service":"mentor-one-api","timestamp":"2025-07-05 18:44:56"}
{"level":"info","message":"Connecting Redis clients (attempt 1/3)...","service":"mentor-one-api","timestamp":"2025-07-05 18:44:56"}
{"isOpen":true,"level":"info","message":"Redis Pub Client connected","service":"mentor-one-api","timestamp":"2025-07-05 18:44:56"}
{"isOpen":true,"level":"info","message":"Redis Sub Client connected","service":"mentor-one-api","timestamp":"2025-07-05 18:44:56"}
{"isOpen":true,"level":"info","message":"Redis Token Client connected","service":"mentor-one-api","timestamp":"2025-07-05 18:44:56"}
{"isOpen":true,"level":"info","message":"Redis Token Client ready","service":"mentor-one-api","timestamp":"2025-07-05 18:44:56"}
{"envPath":"/Users/sriii/My Files/My Project/MentorOne/Backend/.env","level":"info","message":"Environment variables loaded","service":"mentor-one-api","timestamp":"2025-07-05 18:52:55"}
{"level":"info","message":"=== SERVER STARTUP INITIATED ===","service":"mentor-one-api","timestamp":"2025-07-05 18:52:56"}
{"level":"info","message":"Step 1: Connecting Redis clients...","service":"mentor-one-api","timestamp":"2025-07-05 18:52:56"}
{"level":"info","message":"Connecting Redis clients (attempt 1/3)...","service":"mentor-one-api","timestamp":"2025-07-05 18:52:56"}
{"isOpen":true,"level":"info","message":"Redis Pub Client connected","service":"mentor-one-api","timestamp":"2025-07-05 18:52:56"}
{"isOpen":true,"level":"info","message":"Redis Token Client connected","service":"mentor-one-api","timestamp":"2025-07-05 18:52:56"}
{"isOpen":true,"level":"info","message":"Redis Sub Client connected","service":"mentor-one-api","timestamp":"2025-07-05 18:52:56"}
{"isOpen":true,"level":"info","message":"Redis Token Client ready","service":"mentor-one-api","timestamp":"2025-07-05 18:52:56"}
{"envPath":"/Users/sriii/My Files/My Project/MentorOne/Backend/.env","level":"info","message":"Environment variables loaded","service":"mentor-one-api","timestamp":"2025-07-05 19:02:13"}
{"level":"info","message":"=== SERVER STARTUP INITIATED ===","service":"mentor-one-api","timestamp":"2025-07-05 19:02:13"}
{"level":"info","message":"Step 1: Connecting Redis clients...","service":"mentor-one-api","timestamp":"2025-07-05 19:02:13"}
{"level":"info","message":"Connecting Redis clients (attempt 1/3)...","service":"mentor-one-api","timestamp":"2025-07-05 19:02:13"}
{"isOpen":true,"level":"info","message":"Redis Pub Client connected","service":"mentor-one-api","timestamp":"2025-07-05 19:02:13"}
{"isOpen":true,"level":"info","message":"Redis Sub Client connected","service":"mentor-one-api","timestamp":"2025-07-05 19:02:13"}
{"isOpen":true,"level":"info","message":"Redis Token Client connected","service":"mentor-one-api","timestamp":"2025-07-05 19:02:13"}
{"isOpen":true,"level":"info","message":"Redis Token Client ready","service":"mentor-one-api","timestamp":"2025-07-05 19:02:13"}
{"level":"info","message":"Redis clients connected successfully","pubClientOpen":true,"service":"mentor-one-api","subClientOpen":true,"timestamp":"2025-07-05 19:02:13","tokenClientOpen":true}
{"envPath":"/Users/sriii/My Files/My Project/MentorOne/Backend/.env","level":"info","message":"Environment variables loaded","service":"mentor-one-api","timestamp":"2025-07-05 19:02:18"}
{"level":"info","message":"=== SERVER STARTUP INITIATED ===","service":"mentor-one-api","timestamp":"2025-07-05 19:02:19"}
{"level":"info","message":"Step 1: Connecting Redis clients...","service":"mentor-one-api","timestamp":"2025-07-05 19:02:19"}
{"level":"info","message":"Connecting Redis clients (attempt 1/3)...","service":"mentor-one-api","timestamp":"2025-07-05 19:02:19"}
{"isOpen":true,"level":"info","message":"Redis Pub Client connected","service":"mentor-one-api","timestamp":"2025-07-05 19:02:19"}
{"isOpen":true,"level":"info","message":"Redis Sub Client connected","service":"mentor-one-api","timestamp":"2025-07-05 19:02:19"}
{"isOpen":true,"level":"info","message":"Redis Token Client connected","service":"mentor-one-api","timestamp":"2025-07-05 19:02:19"}
{"isOpen":true,"level":"info","message":"Redis Token Client ready","service":"mentor-one-api","timestamp":"2025-07-05 19:02:19"}
{"level":"info","message":"Redis clients connected successfully","pubClientOpen":true,"service":"mentor-one-api","subClientOpen":true,"timestamp":"2025-07-05 19:02:19","tokenClientOpen":true}
{"envPath":"/Users/sriii/My Files/My Project/MentorOne/Backend/.env","level":"info","message":"Environment variables loaded","service":"mentor-one-api","timestamp":"2025-07-05 19:03:58"}
{"level":"info","message":"=== SERVER STARTUP INITIATED ===","service":"mentor-one-api","timestamp":"2025-07-05 19:03:59"}
{"level":"info","message":"Step 1: Connecting Redis clients...","service":"mentor-one-api","timestamp":"2025-07-05 19:03:59"}
{"level":"info","message":"Connecting Redis clients (attempt 1/3)...","service":"mentor-one-api","timestamp":"2025-07-05 19:03:59"}
{"isOpen":true,"level":"info","message":"Redis Pub Client connected","service":"mentor-one-api","timestamp":"2025-07-05 19:03:59"}
{"isOpen":true,"level":"info","message":"Redis Sub Client connected","service":"mentor-one-api","timestamp":"2025-07-05 19:03:59"}
{"isOpen":true,"level":"info","message":"Redis Token Client connected","service":"mentor-one-api","timestamp":"2025-07-05 19:03:59"}
{"isOpen":true,"level":"info","message":"Redis Token Client ready","service":"mentor-one-api","timestamp":"2025-07-05 19:03:59"}
{"level":"info","message":"Redis clients connected successfully","pubClientOpen":true,"service":"mentor-one-api","subClientOpen":true,"timestamp":"2025-07-05 19:03:59","tokenClientOpen":true}
{"envPath":"/Users/sriii/My Files/My Project/MentorOne/Backend/.env","level":"info","message":"Environment variables loaded","service":"mentor-one-api","timestamp":"2025-07-05 19:12:43"}
{"level":"info","message":"=== SERVER STARTUP INITIATED ===","service":"mentor-one-api","timestamp":"2025-07-05 19:12:44"}
{"level":"info","message":"Step 1: Connecting Redis clients...","service":"mentor-one-api","timestamp":"2025-07-05 19:12:44"}
{"level":"info","message":"Connecting Redis clients (attempt 1/3)...","service":"mentor-one-api","timestamp":"2025-07-05 19:12:44"}
{"isOpen":true,"level":"info","message":"Redis Pub Client connected","service":"mentor-one-api","timestamp":"2025-07-05 19:12:44"}
{"isOpen":true,"level":"info","message":"Redis Sub Client connected","service":"mentor-one-api","timestamp":"2025-07-05 19:12:44"}
{"isOpen":true,"level":"info","message":"Redis Token Client connected","service":"mentor-one-api","timestamp":"2025-07-05 19:12:44"}
{"isOpen":true,"level":"info","message":"Redis Token Client ready","service":"mentor-one-api","timestamp":"2025-07-05 19:12:44"}
{"envPath":"/Users/sriii/My Files/My Project/MentorOne/Backend/.env","level":"info","message":"Environment variables loaded","service":"mentor-one-api","timestamp":"2025-07-05 19:13:03"}
{"level":"info","message":"=== SERVER STARTUP INITIATED ===","service":"mentor-one-api","timestamp":"2025-07-05 19:13:04"}
{"level":"info","message":"Step 1: Connecting Redis clients...","service":"mentor-one-api","timestamp":"2025-07-05 19:13:04"}
{"level":"info","message":"Connecting Redis clients (attempt 1/3)...","service":"mentor-one-api","timestamp":"2025-07-05 19:13:04"}
{"isOpen":true,"level":"info","message":"Redis Pub Client connected","service":"mentor-one-api","timestamp":"2025-07-05 19:13:04"}
{"isOpen":true,"level":"info","message":"Redis Token Client connected","service":"mentor-one-api","timestamp":"2025-07-05 19:13:04"}
{"isOpen":true,"level":"info","message":"Redis Sub Client connected","service":"mentor-one-api","timestamp":"2025-07-05 19:13:04"}
{"isOpen":true,"level":"info","message":"Redis Token Client ready","service":"mentor-one-api","timestamp":"2025-07-05 19:13:04"}
{"envPath":"/Users/sriii/My Files/My Project/MentorOne/Backend/.env","level":"info","message":"Environment variables loaded","service":"mentor-one-api","timestamp":"2025-07-05 19:16:19"}
{"level":"info","message":"=== SERVER STARTUP INITIATED ===","service":"mentor-one-api","timestamp":"2025-07-05 19:16:20"}
{"level":"info","message":"Step 1: Connecting Redis clients...","service":"mentor-one-api","timestamp":"2025-07-05 19:16:20"}
{"level":"info","message":"Connecting Redis clients (attempt 1/3)...","service":"mentor-one-api","timestamp":"2025-07-05 19:16:20"}
{"isOpen":true,"level":"info","message":"Redis Pub Client connected","service":"mentor-one-api","timestamp":"2025-07-05 19:16:21"}
{"isOpen":true,"level":"info","message":"Redis Sub Client connected","service":"mentor-one-api","timestamp":"2025-07-05 19:16:21"}
{"isOpen":true,"level":"info","message":"Redis Token Client connected","service":"mentor-one-api","timestamp":"2025-07-05 19:16:21"}
{"isOpen":true,"level":"info","message":"Redis Token Client ready","service":"mentor-one-api","timestamp":"2025-07-05 19:16:21"}
