{"error":"ChatService_1.default is not a constructor","level":"error","message":"Socket.IO /chat initialization failed","service":"mentor-one-api","timestamp":"2025-07-04 20:25:25"}
{"error":"ChatService_1.default is not a constructor","level":"error","message":"Socket.IO /chat initialization failed","service":"mentor-one-api","timestamp":"2025-07-04 20:27:16"}
{"email":"sreekuttan1248@gmail.com","error":"secretOrPrivateKey must have a value","level":"error","message":"Login failed","service":"mentor-one-api","timestamp":"2025-07-04 20:27:18"}
{"error":"ChatService_1.default is not a constructor","level":"error","message":"Socket.IO /chat initialization failed","service":"mentor-one-api","timestamp":"2025-07-05 09:46:02"}
{"email":"sreekuttan1248@gmail.com","error":"secretOrPrivateKey must have a value","level":"error","message":"Login failed","service":"mentor-one-api","timestamp":"2025-07-05 09:46:08"}
{"error":"ChatService_1.default is not a constructor","level":"error","message":"Socket.IO /chat initialization failed","service":"mentor-one-api","timestamp":"2025-07-05 09:51:38"}
{"email":"sreekuttan1248@gmail.com","error":"secretOrPrivateKey must have a value","level":"error","message":"Login failed","service":"mentor-one-api","timestamp":"2025-07-05 09:51:48"}
{"email":"sreekuttan1248@gmail.com","error":"secretOrPrivateKey must have a value","level":"error","message":"Login failed","service":"mentor-one-api","timestamp":"2025-07-05 10:02:49"}
{"error":"ChatService_1.default is not a constructor","level":"error","message":"Socket.IO /chat initialization failed","service":"mentor-one-api","timestamp":"2025-07-05 10:02:50"}
{"email":"sreekuttan1248@gmail.com","error":"secretOrPrivateKey must have a value","level":"error","message":"Login failed","service":"mentor-one-api","timestamp":"2025-07-05 10:03:00"}
{"email":"sreekuttan1248@gmail.com","error":"secretOrPrivateKey must have a value","level":"error","message":"Login failed","service":"mentor-one-api","timestamp":"2025-07-05 10:16:39"}
{"level":"error","message":"Missing environment variable: ACCESS_TOKEN_SECRET","service":"mentor-one-api","timestamp":"2025-07-05 10:16:40"}
{"level":"error","message":"Missing environment variable: ACCESS_TOKEN_SECRET","service":"mentor-one-api","timestamp":"2025-07-05 10:17:43"}
{"error":"ChatService_1.default is not a constructor","level":"error","message":"Socket.IO /chat initialization failed","service":"mentor-one-api","timestamp":"2025-07-05 10:18:32"}
{"level":"error","message":"JWT_ACCESS_TOKEN_SECRET is not defined","service":"mentor-one-api","timestamp":"2025-07-05 10:18:38"}
{"email":"sreekuttan1248@gmail.com","error":"JWT access token secret is not configured","level":"error","message":"Error generating tokens","service":"mentor-one-api","timestamp":"2025-07-05 10:18:38"}
{"email":"sreekuttan1248@gmail.com","error":"JWT access token secret is not configured","level":"error","message":"Login failed","service":"mentor-one-api","timestamp":"2025-07-05 10:18:38"}
{"level":"error","message":"Missing environment variable: ACCESS_TOKEN_SECRET","service":"mentor-one-api","timestamp":"2025-07-05 10:19:33"}
{"error":"ChatService_1.default is not a constructor","level":"error","message":"Socket.IO /chat initialization failed","service":"mentor-one-api","timestamp":"2025-07-05 10:22:41"}
{"level":"error","message":"JWT_ACCESS_TOKEN_SECRET is not defined","service":"mentor-one-api","timestamp":"2025-07-05 10:22:56"}
{"email":"sreekuttan1248@gmail.com","error":"JWT access token secret is not configured","level":"error","message":"Error generating tokens","service":"mentor-one-api","timestamp":"2025-07-05 10:22:56"}
{"email":"sreekuttan1248@gmail.com","error":"JWT access token secret is not configured","level":"error","message":"Login failed","service":"mentor-one-api","timestamp":"2025-07-05 10:22:56"}
{"level":"error","message":"JWT_ACCESS_TOKEN_SECRET is not defined","service":"mentor-one-api","timestamp":"2025-07-05 10:27:04"}
{"error":"ChatService_1.default is not a constructor","level":"error","message":"Socket.IO /chat initialization failed","service":"mentor-one-api","timestamp":"2025-07-05 10:31:00"}
{"error":"ChatService_1.default is not a constructor","level":"error","message":"Socket.IO /chat initialization failed","service":"mentor-one-api","timestamp":"2025-07-05 10:32:53"}
{"error":"ChatService_1.default is not a constructor","level":"error","message":"Socket.IO /chat initialization failed","service":"mentor-one-api","timestamp":"2025-07-05 10:33:25"}
{"error":"ChatService_1.default is not a constructor","level":"error","message":"Socket.IO /chat initialization failed","service":"mentor-one-api","timestamp":"2025-07-05 10:34:00"}
{"error":"ChatService_1.default is not a constructor","level":"error","message":"Socket.IO /chat initialization failed","service":"mentor-one-api","timestamp":"2025-07-05 10:35:34"}
{"level":"error","message":"JWT_ACCESS_TOKEN_SECRET is not defined","service":"mentor-one-api","timestamp":"2025-07-05 10:35:52"}
{"email":"sreekuttan1248@gmail.com","error":"JWT access token secret is not configured","level":"error","message":"Error generating tokens","service":"mentor-one-api","timestamp":"2025-07-05 10:35:52"}
{"email":"sreekuttan1248@gmail.com","error":"JWT access token secret is not configured","level":"error","message":"Login failed","service":"mentor-one-api","timestamp":"2025-07-05 10:35:52"}
{"error":"ChatService_1.default is not a constructor","level":"error","message":"Socket.IO /chat initialization failed","service":"mentor-one-api","timestamp":"2025-07-05 10:42:01"}
{"level":"error","message":"JWT_ACCESS_TOKEN_SECRET is not defined","service":"mentor-one-api","timestamp":"2025-07-05 10:43:14"}
{"email":"sreekuttan1248@gmail.com","error":"JWT access token secret is not configured","level":"error","message":"Error generating tokens","service":"mentor-one-api","timestamp":"2025-07-05 10:43:14"}
{"email":"sreekuttan1248@gmail.com","error":"JWT access token secret is not configured","level":"error","message":"Login failed","service":"mentor-one-api","timestamp":"2025-07-05 10:43:14"}
{"level":"error","message":"JWT_ACCESS_TOKEN_SECRET is not defined","service":"mentor-one-api","timestamp":"2025-07-05 10:46:26"}
{"error":"ChatService_1.default is not a constructor","level":"error","message":"Socket.IO /chat initialization failed","service":"mentor-one-api","timestamp":"2025-07-05 10:46:27"}
{"level":"error","message":"JWT_ACCESS_TOKEN_SECRET is not defined","service":"mentor-one-api","timestamp":"2025-07-05 10:46:36"}
{"email":"sreekuttan1248@gmail.com","error":"JWT access token secret is not configured","level":"error","message":"Error generating tokens","service":"mentor-one-api","timestamp":"2025-07-05 10:46:36"}
{"email":"sreekuttan1248@gmail.com","error":"JWT access token secret is not configured","level":"error","message":"Login failed","service":"mentor-one-api","timestamp":"2025-07-05 10:46:36"}
{"error":"ChatService_1.default is not a constructor","level":"error","message":"Socket.IO /chat initialization failed","service":"mentor-one-api","timestamp":"2025-07-05 10:52:53"}
{"error":"ChatService_1.default is not a constructor","level":"error","message":"Socket.IO /chat initialization failed","service":"mentor-one-api","timestamp":"2025-07-05 10:53:41"}
{"error":"Cannot read properties of undefined (reading 'setEx')","level":"error","message":"Failed to save refresh token","service":"mentor-one-api","timestamp":"2025-07-05 10:54:21","userId":"6849b53ab72304ac3974190d"}
{"email":"sreekuttan1248@gmail.com","error":"Failed to save refresh token","level":"error","message":"Error generating tokens","service":"mentor-one-api","timestamp":"2025-07-05 10:54:21"}
{"email":"sreekuttan1248@gmail.com","error":"Failed to generate tokens","level":"error","message":"Login failed","service":"mentor-one-api","timestamp":"2025-07-05 10:54:21"}
{"error":"Cannot read properties of undefined (reading 'isOpen')","level":"error","message":"Failed to initialize DI container","service":"mentor-one-api","timestamp":"2025-07-05 11:14:47"}
{"error":"Cannot read properties of undefined (reading 'isOpen')","level":"error","message":"Failed to initialize DI container","service":"mentor-one-api","timestamp":"2025-07-05 11:15:29"}
{"error":"Cannot read properties of undefined (reading 'isOpen')","level":"error","message":"Failed to initialize DI container","service":"mentor-one-api","timestamp":"2025-07-05 11:16:04"}
{"error":"ChatService_1.default is not a constructor","level":"error","message":"Socket.IO /chat initialization failed","service":"mentor-one-api","timestamp":"2025-07-05 11:16:42"}
{"error":"ChatService_1.default is not a constructor","level":"error","message":"Socket.IO /chat initialization failed","service":"mentor-one-api","timestamp":"2025-07-05 11:18:36"}
{"error":"Cannot read properties of undefined (reading 'setEx')","level":"error","message":"Failed to save refresh token","service":"mentor-one-api","timestamp":"2025-07-05 11:58:11","userId":"6849b53ab72304ac3974190d"}
{"email":"sreekuttan1248@gmail.com","error":"Failed to save refresh token","level":"error","message":"Error generating tokens","service":"mentor-one-api","timestamp":"2025-07-05 11:58:11"}
{"email":"sreekuttan1248@gmail.com","error":"Failed to generate tokens","level":"error","message":"Login failed","service":"mentor-one-api","timestamp":"2025-07-05 11:58:11"}
{"error":"ChatService_1.default is not a constructor","level":"error","message":"Socket.IO /chat initialization failed","service":"mentor-one-api","timestamp":"2025-07-05 12:03:07"}
{"error":"ChatService_1.default is not a constructor","level":"error","message":"Socket.IO /chat initialization failed","service":"mentor-one-api","timestamp":"2025-07-05 12:03:21"}
{"error":"Cannot read properties of undefined (reading 'setEx')","level":"error","message":"Failed to save refresh token","service":"mentor-one-api","timestamp":"2025-07-05 12:03:46","userId":"6849b53ab72304ac3974190d"}
{"email":"sreekuttan1248@gmail.com","error":"Failed to save refresh token","level":"error","message":"Error generating tokens","service":"mentor-one-api","timestamp":"2025-07-05 12:03:46"}
{"email":"sreekuttan1248@gmail.com","error":"Failed to generate tokens","level":"error","message":"Login failed","service":"mentor-one-api","timestamp":"2025-07-05 12:03:46"}
{"error":"Cannot read properties of undefined (reading 'isOpen')","level":"error","message":"Failed to initialize DI container","service":"mentor-one-api","timestamp":"2025-07-05 12:19:27"}
{"error":"Cannot read properties of undefined (reading 'isOpen')","level":"error","message":"Failed to initialize DI container","service":"mentor-one-api","timestamp":"2025-07-05 12:20:36"}
{"error":"Cannot read properties of undefined (reading 'isOpen')","level":"error","message":"Failed to initialize DI container","service":"mentor-one-api","timestamp":"2025-07-05 12:22:54"}
{"error":"ChatService_1.default is not a constructor","level":"error","message":"Socket.IO /chat initialization failed","service":"mentor-one-api","timestamp":"2025-07-05 12:24:47"}
{"error":"Cannot read properties of undefined (reading 'setEx')","level":"error","message":"Failed to save refresh token","service":"mentor-one-api","timestamp":"2025-07-05 12:25:30","userId":"6849b53ab72304ac3974190d"}
{"email":"sreekuttan1248@gmail.com","error":"Failed to save refresh token","level":"error","message":"Error generating tokens","service":"mentor-one-api","timestamp":"2025-07-05 12:25:30"}
{"email":"sreekuttan1248@gmail.com","error":"Failed to generate tokens","level":"error","message":"Login failed","service":"mentor-one-api","timestamp":"2025-07-05 12:25:30"}
{"error":"ChatService_1.default is not a constructor","level":"error","message":"Socket.IO /chat initialization failed","service":"mentor-one-api","timestamp":"2025-07-05 12:29:10"}
{"error":"Cannot read properties of undefined (reading 'isOpen')","level":"error","message":"Failed to initialize DI container","service":"mentor-one-api","timestamp":"2025-07-05 13:34:06"}
{"error":"Cannot read properties of undefined (reading 'isOpen')","level":"error","message":"Failed to initialize DI container","service":"mentor-one-api","timestamp":"2025-07-05 13:34:38"}
{"error":"Cannot read properties of undefined (reading 'isOpen')","level":"error","message":"Failed to initialize DI container","service":"mentor-one-api","timestamp":"2025-07-05 13:34:54"}
{"error":"ChatService_1.default is not a constructor","level":"error","message":"Socket.IO /chat initialization failed","service":"mentor-one-api","timestamp":"2025-07-05 13:35:06"}
{"error":"Cannot read properties of undefined (reading 'isOpen')","level":"error","message":"Failed to initialize DI container","service":"mentor-one-api","timestamp":"2025-07-05 13:36:36"}
{"error":"Cannot read properties of undefined (reading 'isOpen')","level":"error","message":"Failed to initialize DI container","service":"mentor-one-api","timestamp":"2025-07-05 13:38:54"}
{"error":"Redis token client is undefined","level":"error","message":"Failed to initialize DI container","service":"mentor-one-api","timestamp":"2025-07-05 13:41:23"}
{"error":"Redis token client is undefined","level":"error","message":"Failed to initialize DI container","service":"mentor-one-api","timestamp":"2025-07-05 13:41:23"}
{"error":"Redis token client is undefined","level":"error","message":"Failed to initialize DI container","service":"mentor-one-api","timestamp":"2025-07-05 13:46:31"}
{"error":"Redis token client is undefined","level":"error","message":"Failed to initialize DI container","service":"mentor-one-api","timestamp":"2025-07-05 13:46:31"}
{"error":"Redis token client is undefined","level":"error","message":"Failed to initialize DI container","service":"mentor-one-api","timestamp":"2025-07-05 13:47:42"}
{"error":"Redis token client is undefined","level":"error","message":"Failed to initialize DI container","service":"mentor-one-api","timestamp":"2025-07-05 13:47:42"}
{"error":"Cannot read properties of undefined (reading 'isOpen')","level":"error","message":"Failed to initialize DI container","service":"mentor-one-api","timestamp":"2025-07-05 14:04:35"}
{"error":"Cannot read properties of undefined (reading 'isOpen')","level":"error","message":"Failed to initialize DI container","service":"mentor-one-api","timestamp":"2025-07-05 14:09:22"}
{"level":"error","message":"Missing environment variable: JWT_ACCESS_TOKEN_SECRET","service":"mentor-one-api","timestamp":"2025-07-05 15:55:33"}
{"error":"Cannot find module '/Users/sriii/My Files/My Project/MentorOne/Backend/src/entities/adminEntity' imported from /Users/sriii/My Files/My Project/MentorOne/Backend/src/diContainer/diContainer.ts","level":"error","message":"Failed to initialize server","service":"mentor-one-api","timestamp":"2025-07-05 16:20:46"}
{"error":"Cannot find module '/Users/sriii/My Files/My Project/MentorOne/Backend/src/entities/adminEntity' imported from /Users/sriii/My Files/My Project/MentorOne/Backend/src/diContainer/diContainer.ts","level":"error","message":"Failed to initialize server","service":"mentor-one-api","timestamp":"2025-07-05 16:30:04"}
{"error":"Cannot find module '/Users/sriii/My Files/My Project/MentorOne/Backend/src/entities/adminEntity' imported from /Users/sriii/My Files/My Project/MentorOne/Backend/src/diContainer/diContainer.ts","level":"error","message":"Failed to initialize server","service":"mentor-one-api","timestamp":"2025-07-05 16:30:24"}
{"error":"Cannot find module '/Users/sriii/My Files/My Project/MentorOne/Backend/src/entities/adminEntity' imported from /Users/sriii/My Files/My Project/MentorOne/Backend/src/diContainer/diContainer.ts","level":"error","message":"Failed to initialize server","service":"mentor-one-api","timestamp":"2025-07-05 16:30:50"}
{"error":"Cannot find module '/Users/sriii/My Files/My Project/MentorOne/Backend/src/entities/adminEntity' imported from /Users/sriii/My Files/My Project/MentorOne/Backend/src/diContainer/diContainer.ts","level":"error","message":"Failed to initialize server","service":"mentor-one-api","timestamp":"2025-07-05 16:30:55"}
{"error":"Cannot find module '/Users/sriii/My Files/My Project/MentorOne/Backend/src/entities/adminEntity' imported from /Users/sriii/My Files/My Project/MentorOne/Backend/src/diContainer/diContainer.ts","level":"error","message":"Failed to initialize server","service":"mentor-one-api","timestamp":"2025-07-05 17:19:05"}
{"error":"Cannot find module '/Users/sriii/My Files/My Project/MentorOne/Backend/src/entities/adminEntity' imported from /Users/sriii/My Files/My Project/MentorOne/Backend/src/diContainer/diContainer.ts","level":"error","message":"Failed to initialize server","service":"mentor-one-api","timestamp":"2025-07-05 17:30:18"}
{"level":"error","message":"Server startup failed: setServerStarted is not defined","service":"mentor-one-api","stack":"ReferenceError: setServerStarted is not defined\n    at startServer (/Users/sriii/My Files/My Project/MentorOne/Backend/src/server.ts:297:5)\n    at processTicksAndRejections (node:internal/process/task_queues:105:5)","timestamp":"2025-07-05 19:12:44"}
